8320: 10:50:02.733 - ---
8320: 10:50:02.733 - Service: "Photon Socket Server" starting
8320: 10:50:02.733 - Config File: E:\TaidouPhotonServer\deploy\bin_Win64\PhotonServer.config
8320: 10:50:02.734 - Will produce at most: 10 crash dumps
8320: 10:50:02.734 - Service shutting down
8320: 10:50:02.735 - Service shut down complete
10396: 10:50:15.999 - ---
10396: 10:50:15.999 - Service: "Photon Socket Server" starting
10396: 10:50:15.999 - Config File: E:\TaidouPhotonServer\deploy\bin_Win64\PhotonServer.config
10396: 10:50:16.000 - Will produce at most: 10 crash dumps
10396: 10:50:16.000 - Service shutting down
10396: 10:50:16.001 - Service shut down complete
4416: 10:50:26.105 - ---
4416: 10:50:26.105 - Service: "Photon Socket Server" starting
4416: 10:50:26.105 - Config File: E:\TaidouPhotonServer\deploy\bin_Win64\PhotonServer.config
4416: 10:50:26.106 - Will produce at most: 10 crash dumps
4416: 10:50:26.106 - Service shutting down
4416: 10:50:26.107 - Service shut down complete
10224: 10:50:51.808 - ---
10224: 10:50:51.808 - Service: "Photon Socket Server" starting
10224: 10:50:51.808 - Config File: E:\TaidouPhotonServer\deploy\bin_Win64\PhotonServer.config
10224: 10:50:51.809 - Will produce at most: 10 crash dumps
10224: 10:50:51.809 - Service shutting down
10224: 10:50:51.810 - Service shut down complete
7332: 10:51:08.575 - ---
7332: 10:51:08.575 - Service: "Photon Socket Server" starting
7332: 10:51:08.576 - Config File: E:\TaidouPhotonServer\deploy\bin_Win64\PhotonServer.config
7332: 10:51:08.576 - Will produce at most: 10 crash dumps
7332: 10:51:08.576 - Service shutting down
7332: 10:51:08.578 - Service shut down complete
6168: 10:52:20.420 - ---
6168: 10:52:20.420 - Service: "Photon Socket Server" starting
6168: 10:52:20.420 - Config File: E:\TaidouPhotonServer\deploy\bin_Win64\PhotonServer.config
6168: 10:52:20.421 - Will produce at most: 10 crash dumps
6168: 10:52:20.421 - Service shutting down
6168: 10:52:20.422 - Service shut down complete
8432: 10:52:33.814 - ---
8432: 10:52:33.814 - Service: "Photon Socket Server" starting
8432: 10:52:33.814 - Config File: E:\TaidouPhotonServer\deploy\bin_Win64\PhotonServer.config
8432: 10:52:33.815 - Will produce at most: 10 crash dumps
8432: 10:52:33.815 - Service shutting down
8432: 10:52:33.816 - Service shut down complete
9832: 10:52:43.016 - ---
9832: 10:52:43.016 - Service: "Photon Socket Server" starting
9832: 10:52:43.016 - Config File: E:\TaidouPhotonServer\deploy\bin_Win64\PhotonServer.config
9832: 10:52:43.017 - Will produce at most: 10 crash dumps
9832: 10:52:43.017 - Service shutting down
9832: 10:52:43.018 - Service shut down complete
8652: 10:52:47.526 - ---
8652: 10:52:47.526 - Service: "Photon Socket Server" starting
8652: 10:52:47.526 - Config File: E:\TaidouPhotonServer\deploy\bin_Win64\PhotonServer.config
8652: 10:52:47.528 - Will produce at most: 10 crash dumps
8652: 10:52:47.528 - Service shutting down
8652: 10:52:47.528 - Service shut down complete
9804: 10:52:51.979 - ---
9804: 10:52:51.979 - Service: "Photon Socket Server" starting
9804: 10:52:51.979 - Config File: E:\TaidouPhotonServer\deploy\bin_Win64\PhotonServer.config
9804: 10:52:51.980 - Will produce at most: 10 crash dumps
9804: 10:52:51.980 - Service shutting down
9804: 10:52:51.980 - Service shut down complete
6980: 15:32:07.704 - ---
6980: 15:32:07.704 - Service: "Photon Socket Server" starting
6980: 15:32:07.704 - Config File: E:\TaidouPhotonServer\deploy\bin_Win64\PhotonServer.config
6980: 15:32:07.704 - Will produce at most: 10 crash dumps
6980: 15:32:07.704 - Service shutting down
6980: 15:32:07.704 - Service shut down complete
5560: 17:05:32.065 - ---
5560: 17:05:32.065 - Service: "Photon Socket Server" starting
5560: 17:05:32.065 - Config File: E:\TaidouPhotonServer\deploy\bin_Win64\PhotonServer.config
5560: 17:05:32.066 - Will produce at most: 10 crash dumps
5560: 17:05:32.066 - Service shutting down
5560: 17:05:32.067 - Service shut down complete
