15972: 09:57:45.030 - ---
15972: 09:57:45.030 - Service: "Photon Socket Server" starting
15972: 09:57:45.030 - Config File: E:\TaidouPhotonServer\deploy\bin_Win64\PhotonServer.config
15972: 09:57:45.030 - Will produce at most: 10 crash dumps
15972: 09:57:45.030 - Service shutting down
15972: 09:57:45.030 - Service shut down complete
18568: 13:06:12.460 - ---
18568: 13:06:12.460 - Service: "Photon Socket Server" starting
18568: 13:06:12.460 - Config File: E:\TaidouPhotonServer\deploy\bin_Win64\PhotonServer.config
18568: 13:06:12.460 - Will produce at most: 10 crash dumps
18568: 13:06:12.460 - Service shutting down
18568: 13:06:12.460 - Service shut down complete
20008: 13:11:31.346 - ---
20008: 13:11:31.346 - Service: "Photon Socket Server" starting
20008: 13:11:31.346 - Config File: E:\TaidouPhotonServer\deploy\bin_Win64\PhotonServer.config
20008: 13:11:31.346 - Will produce at most: 10 crash dumps
20008: 13:11:31.346 - Service shutting down
20008: 13:11:31.362 - Service shut down complete
26064: 13:15:43.517 - ---
26064: 13:15:43.517 - Service: "Photon Socket Server" starting
26064: 13:15:43.517 - Config File: E:\TaidouPhotonServer\deploy\bin_Win64\PhotonServer.config
26064: 13:15:43.519 - Will produce at most: 10 crash dumps
26064: 13:15:43.519 - Service shutting down
26064: 13:15:43.522 - Service shut down complete
14960: 13:36:06.887 - ---
14960: 13:36:06.887 - Service: "Photon Socket Server" starting
14960: 13:36:06.887 - Config File: E:\TaidouPhotonServer\deploy\bin_Win64\PhotonServer.config
14960: 13:36:06.887 - Will produce at most: 10 crash dumps
14960: 13:36:06.887 - Service shutting down
14960: 13:36:06.887 - Service shut down complete
15264: 21:43:09.274 - ---
15264: 21:43:09.274 - Service: "Photon Socket Server" starting
15264: 21:43:09.274 - Config File: E:\TaidouPhotonServer\deploy\bin_Win64\PhotonServer.config
15264: 21:43:09.274 - Will produce at most: 10 crash dumps
15264: 21:43:09.274 - Service shutting down
15264: 21:43:09.274 - Service shut down complete
