3792: 16:36:58.075 - ---
3792: 16:36:58.075 - Service: "Photon Socket Server" starting
3792: 16:36:58.075 - Config File: E:\TaidouPhotonServer\deploy\bin_Win64\PhotonServer.config
3792: 16:36:58.077 - Will produce at most: 10 crash dumps
3792: 16:36:58.077 - Service shutting down
3792: 16:36:58.078 - Service shut down complete
5280: 19:57:46.072 - ---
5280: 19:57:46.072 - Service: "Photon Socket Server" starting
5280: 19:57:46.072 - Config File: E:\TaidouPhotonServer\deploy\bin_Win64\PhotonServer.config
5280: 19:57:46.073 - Will produce at most: 10 crash dumps
5280: 19:57:46.073 - Service shutting down
5280: 19:57:46.074 - Service shut down complete
13516: 21:17:09.352 - ---
13516: 21:17:09.352 - Service: "Photon Socket Server" starting
13516: 21:17:09.353 - Config File: E:\TaidouPhotonServer\deploy\bin_Win64\PhotonServer.config
13516: 21:17:09.354 - Will produce at most: 10 crash dumps
13516: 21:17:09.354 - Service shutting down
13516: 21:17:09.355 - Service shut down complete
4708: 21:35:11.719 - ---
4708: 21:35:11.719 - Service: "Photon Socket Server" starting
4708: 21:35:11.719 - Config File: E:\TaidouPhotonServer\deploy\bin_Win64\PhotonServer.config
4708: 21:35:11.721 - Will produce at most: 10 crash dumps
4708: 21:35:11.721 - Service shutting down
4708: 21:35:11.722 - Service shut down complete
