15108: 16:31:09.756 - ---
15108: 16:31:09.756 - Service: "Photon Socket Server" starting
15108: 16:31:09.756 - Config File: E:\TaidouPhotonServer\deploy\bin_Win64\PhotonServer.config
15108: 16:31:09.756 - Will produce at most: 10 crash dumps
15108: 16:31:09.756 - Service shutting down
15108: 16:31:09.756 - Service shut down complete
3112: 16:37:21.000 - ---
3112: 16:37:21.000 - Service: "Photon Socket Server" starting
3112: 16:37:21.000 - Config File: E:\TaidouPhotonServer\deploy\bin_Win64\PhotonServer.config
3112: 16:37:21.016 - Will produce at most: 10 crash dumps
3112: 16:37:21.016 - Service shutting down
3112: 16:37:21.016 - Service shut down complete
4308: 16:38:25.412 - ---
4308: 16:38:25.412 - Service: "Photon Socket Server" starting
4308: 16:38:25.412 - Config File: E:\TaidouPhotonServer\deploy\bin_Win64\PhotonServer.config
4308: 16:38:25.412 - Will produce at most: 10 crash dumps
4308: 16:38:25.412 - Service shutting down
4308: 16:38:25.412 - Service shut down complete
5080: 16:39:37.819 - ---
5080: 16:39:37.819 - Service: "Photon Socket Server" starting
5080: 16:39:37.819 - Config File: E:\TaidouPhotonServer\deploy\bin_Win64\PhotonServer.config
5080: 16:39:37.819 - Will produce at most: 10 crash dumps
5080: 16:39:37.819 - Service shutting down
5080: 16:39:37.819 - Service shut down complete
3160: 16:43:10.523 - ---
3160: 16:43:10.523 - Service: "Photon Socket Server" starting
3160: 16:43:10.523 - Config File: E:\TaidouPhotonServer\deploy\bin_Win64\PhotonServer.config
3160: 16:43:10.525 - Will produce at most: 10 crash dumps
3160: 16:43:10.525 - Service shutting down
3160: 16:43:10.528 - Service shut down complete
10032: 16:55:25.859 - ---
10032: 16:55:25.859 - Service: "Photon Socket Server" starting
10032: 16:55:25.859 - Config File: E:\TaidouPhotonServer\deploy\bin_Win64\PhotonServer.config
10032: 16:55:25.859 - Will produce at most: 10 crash dumps
10032: 16:55:25.859 - Service shutting down
10032: 16:55:25.859 - Service shut down complete
13360: 18:12:40.554 - ---
13360: 18:12:40.554 - Service: "Photon Socket Server" starting
13360: 18:12:40.554 - Config File: E:\TaidouPhotonServer\deploy\bin_Win64\PhotonServer.config
13360: 18:12:40.569 - Will produce at most: 10 crash dumps
13360: 18:12:40.569 - Service shutting down
13360: 18:12:40.569 - Service shut down complete
4220: 18:18:57.053 - ---
4220: 18:18:57.053 - Service: "Photon Socket Server" starting
4220: 18:18:57.053 - Config File: E:\TaidouPhotonServer\deploy\bin_Win64\PhotonServer.config
4220: 18:18:57.053 - Will produce at most: 10 crash dumps
4220: 18:18:57.053 - Service shutting down
4220: 18:18:57.053 - Service shut down complete
