39116: 14:15:46.279 - ---
39116: 14:15:46.279 - Service: "Photon Socket Server" starting
39116: 14:15:46.279 - Config File: E:\TaidouPhotonServer\deploy\bin_Win64\PhotonServer.config
39116: 14:15:46.279 - Will produce at most: 10 crash dumps
39116: 14:15:46.279 - Service shutting down
39116: 14:15:46.279 - Service shut down complete
24504: 14:36:25.936 - ---
24504: 14:36:25.936 - Service: "Photon Socket Server" starting
24504: 14:36:25.936 - Config File: E:\TaidouPhotonServer\deploy\bin_Win64\PhotonServer.config
24504: 14:36:25.936 - Will produce at most: 10 crash dumps
24504: 14:36:25.936 - Service shutting down
24504: 14:36:25.936 - Service shut down complete
18700: 20:23:50.376 - ---
18700: 20:23:50.376 - Service: "Photon Socket Server" starting
18700: 20:23:50.376 - Config File: E:\TaidouPhotonServer\deploy\bin_Win64\PhotonServer.config
18700: 20:23:50.377 - Will produce at most: 10 crash dumps
18700: 20:23:50.377 - Service shutting down
18700: 20:23:50.378 - Service shut down complete
31160: 21:06:02.471 - ---
31160: 21:06:02.471 - Service: "Photon Socket Server" starting
31160: 21:06:02.471 - Config File: E:\TaidouPhotonServer\deploy\bin_Win64\PhotonServer.config
31160: 21:06:02.473 - Will produce at most: 10 crash dumps
31160: 21:06:02.474 - Service shutting down
31160: 21:06:02.475 - Service shut down complete
16612: 21:11:54.651 - ---
16612: 21:11:54.651 - Service: "Photon Socket Server" starting
16612: 21:11:54.652 - Config File: E:\TaidouPhotonServer\deploy\bin_Win64\PhotonServer.config
16612: 21:11:54.653 - Will produce at most: 10 crash dumps
16612: 21:11:54.653 - Service shutting down
16612: 21:11:54.655 - Service shut down complete
12700: 21:50:16.425 - ---
12700: 21:50:16.425 - Service: "Photon Socket Server" starting
12700: 21:50:16.425 - Config File: E:\TaidouPhotonServer\deploy\bin_Win64\PhotonServer.config
12700: 21:50:16.425 - Will produce at most: 10 crash dumps
12700: 21:50:16.425 - Service shutting down
12700: 21:50:16.440 - Service shut down complete
