10644: 17:43:43.845 - ---
10644: 17:43:43.845 - Service: "Photon Socket Server" starting
10644: 17:43:43.845 - Config File: E:\TaidouPhotonServer\deploy\bin_Win64\PhotonServer.config
10644: 17:43:43.846 - Will produce at most: 10 crash dumps
10644: 17:43:43.846 - Action: run as exe
10644: 17:43:43.846 - Server Starting...
10644: 17:43:43.846 -    Tick count: 713615703 (wraps in: 41.4508 days)
10644: 17:43:43.846 - Tick count 64: 713615703
10644: 17:43:43.846 - Photon Version: 3.4.5.2597
10644: 17:43:43.846 - PID: 13140
10644: 17:43:43.847 - Config File: E:\TaidouPhotonServer\deploy\bin_Win64\PhotonServer.config
10644: 17:43:43.847 - Will NOT log unimportant exceptions
10644: 17:43:43.849 - Not using performance counters as they are not currently installed. Run the service with /InstallCounters to install them.
10644: 17:43:43.849 - Shutdown timeout enabled: 30000ms
10644: 17:43:43.849 - Starting I/O thread pool with 2 threads
10644: 17:43:43.849 - Using Standard allocator
10644: 17:43:43.849 - Max message size: 512000
10644: 17:43:43.849 - Starting business logic thread pool with the following settings
10644: 17:43:43.849 - InitialThreads: 4 threads
10644: 17:43:43.849 - MinThreads: 4 threads
10644: 17:43:43.849 - Thread pool is fixed size
10644: 17:43:43.850 - Starting ENet thread pool with the following settings
10644: 17:43:43.850 - InitialThreads: 2 threads
10644: 17:43:43.850 - MinThreads: 2 threads
10644: 17:43:43.850 - Thread pool is fixed size
10644: 17:43:43.850 - OnlyDispatchTimers: False
10644: 17:43:43.850 - S2S: flow control: Max pending writes: 50
10644: 17:43:43.850 - S2S: flow control: Max queued buffers: 200
10644: 17:43:43.850 - S2S: flow control: Max pending writes MUX: 500
10644: 17:43:43.850 - S2S: flow control: Max queued buffers MUX: 2000
10644: 17:43:43.850 - S2S: MaxInboundMessageSize: 512000
10644: 17:43:43.850 - S2S: MaxOutboundMessageSize: 512000
10644: 17:43:43.850 - S2S: No inactivity timeout
10644: 17:43:43.852 - WebSocket S2S: MaxInboundMessageSize: 512000
10644: 17:43:43.852 - WebSocket S2S: MaxOutboundMessageSize: 512000
10644: 17:43:43.852 - WebSocket S2S: No inactivity timeout
10644: 17:43:46.215 - Max Reliable Data In Transit (awaiting ACKs) per peer : 51200 bytes
10644: 17:43:46.215 - Per peer bandwidth limit
10644: 17:43:46.215 - Transmit Rate Limit: 256 KB/Sec
10644: 17:43:46.215 - Limit period: 200ms
10644: 17:43:46.215 - Limit per period: 52428 bytes
10644: 17:43:46.215 - Max queued data for transmission per peer: 512000 bytes
10644: 17:43:46.215 - Minimum retransmit timeout: 200
10644: 17:43:46.215 - Minimum ENet timeout: 5000ms
10644: 17:43:46.215 - Maximum ENet timeout: 30000ms
10644: 17:43:46.215 - Max Inbound Reliable Data Queued (awaiting resends of earlier sequence numbers) per peer : 163840 bytes
10644: 17:43:46.215 - Outbound ENet: MaxInboundMessageSize: 512000
10644: 17:43:46.215 - Outbound ENet: MaxOutboundMessageSize: 512000
10644: 17:43:46.221 - GetRuntime - About to load CLR - versions available:
10644: 17:43:46.221 - v2.0.50727
10644: 17:43:46.221 - v4.0.30319
10644: 17:43:46.222 - Configuration requests: "v2.0.50727"
10644: 17:43:46.222 - About to load version: "v2.0.50727"
10644: 17:43:46.259 - About to load runtime: PhotonHostRuntime.PhotonDomainManager from PhotonHostRuntime, Culture=neutral, PublicKeyToken=02C301B61B060C4D
10644: 17:43:46.259 - CLRBaseDirectory set to "E:\TaidouPhotonServer\deploy"
10644: 17:43:46.259 - Optimising event broadcast for 20 or more peers
10644: 17:43:46.260 - Start: About to load CLR - versions available:
10644: 17:43:46.260 - v2.0.50727
10644: 17:43:46.260 - v4.0.30319
10644: 17:43:46.260 - No preference in configuration file, will load latest.
10644: 17:43:46.260 - About to load version: "v4.0.30319"
10644: 17:43:46.261 - Loaded version: "v4.0.30319"
10644: 17:43:46.529 - Photon host runtime loaded
10644: 17:43:53.104 - LICENSE: No license file was found. Starting with Bootstrap License.
10644: 17:43:53.104 - License is valid.
10644: 17:43:53.104 - Licensed for 20 concurrent connections.
10644: 17:43:53.104 - ENet: Max Reliable Data In Transit (awaiting ACKs) per peer : 51200 bytes
10644: 17:43:53.104 - ENet: Per peer bandwidth limit
10644: 17:43:53.104 - ENet: Transmit Rate Limit: 256 KB/Sec
10644: 17:43:53.104 - ENet: Limit period: 200ms
10644: 17:43:53.104 - ENet: Limit per period: 52428 bytes
10644: 17:43:53.104 - ENet: Max queued data for transmission per peer: 512000 bytes
10644: 17:43:53.104 - ENet: Minimum retransmit timeout: 200
10644: 17:43:53.104 - ENet: Minimum timeout: 5000ms
10644: 17:43:53.104 - ENet: Maximum timeout: 30000ms
10644: 17:43:53.104 - ENet: Max Inbound Reliable Data Queued (awaiting resends of earlier sequence numbers) per peer : 163840 bytes
10644: 17:43:53.104 - About to load application: Lite from Lite
10644: 17:43:53.104 - Auto restart is enabled for application, existing connections will be terminated during restart
10644: 17:43:53.104 - Application will restart 1000ms after the last change detected
10644: 17:43:53.104 - Application will restart if files matching the following are changed: "dll;config"
10644: 17:43:53.104 - Application will NOT restart if files matching the following are changed: "log4net.config"
10644: 17:43:53.239 - Taking reference on default app domain
10644: 17:43:53.326 - Application: "Lite" started in app domain: 2
10644: 17:43:53.326 - About to load application: LiteLobby from LiteLobby
10644: 17:43:53.326 - Auto restart is enabled for application, existing connections will be terminated during restart
10644: 17:43:53.326 - Application will restart 1000ms after the last change detected
10644: 17:43:53.326 - Application will restart if files matching the following are changed: "dll;config"
10644: 17:43:53.326 - Application will NOT restart if files matching the following are changed: "log4net.config"
10644: 17:43:53.445 - Taking reference on default app domain
10644: 17:43:53.547 - Application: "LiteLobby" started in app domain: 3
10644: 17:43:53.547 - About to load application: MmoDemo from Photon.MmoDemo.Server
10644: 17:43:53.547 - Auto restart is enabled for application, existing connections will be terminated during restart
10644: 17:43:53.547 - Application will restart 1000ms after the last change detected
10644: 17:43:53.547 - Application will restart if files matching the following are changed: "dll;config"
10644: 17:43:53.547 - Application will NOT restart if files matching the following are changed: "log4net.config"
10644: 17:43:53.660 - Taking reference on default app domain
10644: 17:43:53.748 - Application: "MmoDemo" started in app domain: 4
10644: 17:43:53.748 - About to load application: CounterPublisher from CounterPublisher
10644: 17:43:53.748 - Auto restart is enabled for application, existing connections will be terminated during restart
10644: 17:43:53.748 - Application will restart 1000ms after the last change detected
10644: 17:43:53.748 - Application will restart if files matching the following are changed: "dll;config"
10644: 17:43:53.748 - Application will NOT restart if files matching the following are changed: "log4net.config"
10644: 17:43:53.861 - Taking reference on default app domain
10644: 17:43:53.954 - Application: "CounterPublisher" started in app domain: 5
10644: 17:43:53.955 - Adding TCP listener on :0.0.0.0: 4530 with a listen backlog of: 150
10644: 17:43:53.955 - TCP inactivity timeout: 10000ms
10644: 17:43:53.955 - TCP disconnect timeout: 120000ms
10644: 17:43:53.955 - MaxInboundMessageSize: 512000
10644: 17:43:53.955 - MaxOutboundMessageSize: 512000
10644: 17:43:53.955 - Serving policy file requests from: "E:\TaidouPhotonServer\deploy\Policy\assets\socket-policy.xml"
10644: 17:43:53.955 - MaxInboundMessageSize: 512000
10644: 17:43:53.955 - MaxOutboundMessageSize: 512000
10644: 17:43:53.955 - UDP address specified as:0.0.0.0 adding listener to each available IPv4 address
10644: 17:43:53.955 - Adding UDP listener on :192.168.199.232: 5055 with a listen backlog of: 500
10644: 17:43:53.955 - Adding UDP listener on :127.0.0.1: 5055 with a listen backlog of: 500
10644: 17:43:53.955 - Adding WebSocket TCP listener on :0.0.0.0: 9090 with a listen backlog of: 150
10644: 17:43:53.955 - Nagle disabled
10644: 17:43:53.955 - TCP inactivity timeout: 10000ms
10644: 17:43:53.955 - MaxInboundMessageSize: 512000
10644: 17:43:53.955 - MaxOutboundMessageSize: 512000
10644: 17:43:53.955 - Forcing all applications ids to: "Lite"
10644: 17:43:53.955 - Will accept ANY sub-protocols from the client
10644: 17:43:53.955 - No automatic WebSocket ping
10644: 17:43:53.955 - Adding Policy File listener on :0.0.0.0: 843 with a listen backlog of: 150 and serving Policy File: "E:\TaidouPhotonServer\deploy\Policy\assets\socket-policy.xml"
10644: 17:43:53.955 - TCP inactivity timeout: 10000ms
10644: 17:43:53.956 - Adding Policy File listener on :0.0.0.0: 943 with a listen backlog of: 150 and serving Policy File: "E:\TaidouPhotonServer\deploy\Policy\assets\socket-policy-silverlight.xml"
10644: 17:43:53.956 - TCP inactivity timeout: 10000ms
10644: 17:43:53.972 - Service is running...
10644: 17:47:23.246 - Service is stopped...
10644: 17:47:23.246 - Server shutting down...
10644: 17:47:23.246 - Shutdown monitoring enabled, 30000ms before process abort
10644: 17:47:23.246 - Notifying CLR applications of shutdown...
10644: 17:47:23.246 - RequestApplicationStop: 5
10644: 17:47:23.254 - RequestApplicationStop: 2
10644: 17:47:23.260 - RequestApplicationStop: 3
10644: 17:47:23.266 - RequestApplicationStop: 4
10644: 17:47:23.270 - RequestStop: defalt app domain
10644: 17:47:23.274 - Shutting down WebSocket Outbound Connection Manager...
10644: 17:47:23.274 - Shutting down TCP Outbound Connection Manager...
10644: 17:47:23.274 - Shutting down ENet Outbound Connection Manager...
10644: 17:47:23.274 - Disconnecting all outbound peers...
10644: 17:47:23.274 - Shutting down ENet host...
10644: 17:47:23.274 - Disconnecting all peers...
10644: 17:47:23.274 - Shutting down socket servers...
10644: 17:47:23.274 - Shutting down ENet thread pool...
10644: 17:47:23.274 - Shutting down TCP inactivity timers...
10644: 17:47:23.274 - WaitingForShutdownToComplete: NativePolicy:0.0.0.0:843
10644: 17:47:23.274 - OnShutdownCompleted: NativePolicy:0.0.0.0:843
10644: 17:47:23.274 - WaitingForShutdownToComplete: NativePolicy:0.0.0.0:943
10644: 17:47:23.274 - OnShutdownCompleted: NativePolicy:0.0.0.0:943
10644: 17:47:23.274 - WaitingForShutdownToComplete: TCP:0.0.0.0:4530
10644: 17:47:23.274 - OnShutdownCompleted: TCP:0.0.0.0:4530
10644: 17:47:23.274 - WaitingForShutdownToComplete: UDP:127.0.0.1:5055
10644: 17:47:23.274 - OnShutdownCompleted: UDP:127.0.0.1:5055
10644: 17:47:23.274 - WaitingForShutdownToComplete: UDP:192.168.199.232:5055
10644: 17:47:23.274 - OnShutdownCompleted: UDP:192.168.199.232:5055
10644: 17:47:23.274 - WaitingForShutdownToComplete: WebSocket:0.0.0.0:9090
10644: 17:47:23.274 - OnShutdownCompleted: WebSocket:0.0.0.0:9090
10644: 17:47:23.274 - Shutting down CLR applications...
7288: 17:47:23.281 - CManagedHost::OnDefaultAction() - OPR_AppDomainUnload - eUnloadAppDomain
6068: 17:47:23.301 - Unloading Domain: ApplicationName = 'CounterPublisher', DomainId='5'
10644: 17:47:23.301 - Shutting down business logic thread pool...
10644: 17:47:23.301 - Shutting down I/O thread pool...
7288: 17:47:23.302 - CManagedHost::OnDomainUnload() - 5
10644: 17:47:23.302 - Destroying servers
10644: 17:47:23.302 - Destroying WebSocket Outbound Connection Manager
10644: 17:47:23.302 - Destroying TCP Outbound Connection Manager
10644: 17:47:23.302 - Destroying TCP inactivity timer
10644: 17:47:23.302 - Destroying ENet timer wheel
10644: 17:47:23.302 - Destroying ENet host
10644: 17:47:23.302 - Destroying ENet outbound host
10644: 17:47:23.302 - Destroying HTTP inactivity timer
10644: 17:47:23.302 - Destroying HTTP host
10644: 17:47:23.302 - Flushing ENET buffer allocator...
10644: 17:47:23.303 - Flushing TCP buffer handle allocator...
10644: 17:47:23.303 - Flushing stream socket allocator...
10644: 17:47:23.303 - Flushing inbound datagram socket allocator...
10644: 17:47:23.304 - Flushing outbound datagram socket allocator...
10644: 17:47:23.304 - Destroying CLR dispatcher
10644: 17:47:23.304 - Destroying CLR applications
10644: 17:47:23.305 - ~CCLRApplicationCollection() - Waiting up to 10 seconds for the CLR to release all of our objects
7288: 17:47:23.311 - CManagedHost::OnDefaultAction() - OPR_AppDomainUnload - eUnloadAppDomain
6068: 17:47:23.328 - Unloading Domain: ApplicationName = 'Lite', DomainId='2'
7288: 17:47:23.328 - CManagedHost::OnDomainUnload() - 2
7288: 17:47:23.330 - CManagedHost::OnDefaultAction() - OPR_AppDomainUnload - eUnloadAppDomain
6068: 17:47:23.347 - Unloading Domain: ApplicationName = 'LiteLobby', DomainId='3'
7288: 17:47:23.348 - CManagedHost::OnDomainUnload() - 3
7288: 17:47:23.350 - CManagedHost::OnDefaultAction() - OPR_AppDomainUnload - eUnloadAppDomain
6068: 17:47:23.362 - Unloading Domain: ApplicationName = 'MmoDemo', DomainId='4'
7288: 17:47:23.363 - CManagedHost::OnDomainUnload() - 4
10644: 17:47:23.364 - ~CCLRApplicationCollection() - Done. All objects released
10644: 17:47:23.364 - ~CManagedHost() - Release default app domain
10644: 17:47:23.364 - CManagedHost::OnDomainUnload() - 1
10644: 17:47:23.364 - ~CManagedHost() - Waiting up to 10 seconds for CLR shutdown...
10644: 17:47:23.364 - ~CManagedHost
10644: 17:47:23.364 - Destroying ENet thread pool
10644: 17:47:23.364 - Destroying Business logic thread pool
10644: 17:47:23.364 - Destroying I/O thread pool
10644: 17:47:23.364 - Destroying ENet buffer allocator
10644: 17:47:23.364 - Destroying TCP buffer allocator
10644: 17:47:23.364 - Destroying TCP socket allocator
10644: 17:47:23.364 - Destroying ENet inbound socket allocator
10644: 17:47:23.364 - Destroying ENet outbound socket allocator
10644: 17:47:23.364 - Shutdown complete...
10644: 17:47:23.364 - Service shutting down
10644: 17:47:23.366 - Service shut down complete
