3868: 15:22:32.009 - ---
3868: 15:22:32.009 - Service: "Photon Socket Server" starting
3868: 15:22:32.009 - Config File: E:\TaidouPhotonServer\deploy\bin_Win64\PhotonServer.config
3868: 15:22:32.009 - Will produce at most: 10 crash dumps
3868: 15:22:32.009 - Action: run as exe
3868: 15:22:32.009 - Server Starting...
3868: 15:22:32.009 -    Tick count: 1803843 (wraps in: 49.6894 days)
3868: 15:22:32.009 - Tick count 64: 1803843
3868: 15:22:32.009 - Photon Version: 3.4.5.2597
3868: 15:22:32.009 - PID: 5692
3868: 15:22:32.009 - Config File: E:\TaidouPhotonServer\deploy\bin_Win64\PhotonServer.config
3868: 15:22:32.009 - Will NOT log unimportant exceptions
3868: 15:22:32.024 - Not using performance counters as they are not currently installed. Run the service with /InstallCounters to install them.
3868: 15:22:32.024 - Shutdown timeout enabled: 30000ms
3868: 15:22:32.024 - Starting I/O thread pool with 2 threads
3868: 15:22:32.024 - Using Standard allocator
3868: 15:22:32.024 - Max message size: 512000
3868: 15:22:32.024 - Starting business logic thread pool with the following settings
3868: 15:22:32.024 - InitialThreads: 4 threads
3868: 15:22:32.024 - MinThreads: 4 threads
3868: 15:22:32.024 - Thread pool is fixed size
3868: 15:22:32.024 - Starting ENet thread pool with the following settings
3868: 15:22:32.024 - InitialThreads: 2 threads
3868: 15:22:32.024 - MinThreads: 2 threads
3868: 15:22:32.024 - Thread pool is fixed size
3868: 15:22:32.024 - OnlyDispatchTimers: False
3868: 15:22:32.024 - S2S: flow control: Max pending writes: 50
3868: 15:22:32.024 - S2S: flow control: Max queued buffers: 200
3868: 15:22:32.024 - S2S: flow control: Max pending writes MUX: 500
3868: 15:22:32.024 - S2S: flow control: Max queued buffers MUX: 2000
3868: 15:22:32.024 - S2S: MaxInboundMessageSize: 512000
3868: 15:22:32.024 - S2S: MaxOutboundMessageSize: 512000
3868: 15:22:32.024 - S2S: No inactivity timeout
3868: 15:22:32.040 - WebSocket S2S: MaxInboundMessageSize: 512000
3868: 15:22:32.040 - WebSocket S2S: MaxOutboundMessageSize: 512000
3868: 15:22:32.040 - WebSocket S2S: No inactivity timeout
3868: 15:22:32.040 - Max Reliable Data In Transit (awaiting ACKs) per peer : 51200 bytes
3868: 15:22:32.040 - Per peer bandwidth limit
3868: 15:22:32.040 - Transmit Rate Limit: 256 KB/Sec
3868: 15:22:32.040 - Limit period: 200ms
3868: 15:22:32.040 - Limit per period: 52428 bytes
3868: 15:22:32.040 - Max queued data for transmission per peer: 512000 bytes
3868: 15:22:32.040 - Minimum retransmit timeout: 200
3868: 15:22:32.040 - Minimum ENet timeout: 5000ms
3868: 15:22:32.040 - Maximum ENet timeout: 30000ms
3868: 15:22:32.040 - Max Inbound Reliable Data Queued (awaiting resends of earlier sequence numbers) per peer : 163840 bytes
3868: 15:22:32.040 - Outbound ENet: MaxInboundMessageSize: 512000
3868: 15:22:32.040 - Outbound ENet: MaxOutboundMessageSize: 512000
3868: 15:22:32.056 - GetRuntime - About to load CLR - versions available:
3868: 15:22:32.056 - v2.0.50727
3868: 15:22:32.056 - v4.0.30319
3868: 15:22:32.056 - Configuration requests: "v2.0.50727"
3868: 15:22:32.056 - About to load version: "v2.0.50727"
3868: 15:22:32.056 - About to load runtime: PhotonHostRuntime.PhotonDomainManager from PhotonHostRuntime, Culture=neutral, PublicKeyToken=02C301B61B060C4D
3868: 15:22:32.056 - CLRBaseDirectory set to "E:\TaidouPhotonServer\deploy"
3868: 15:22:32.056 - Optimising event broadcast for 20 or more peers
3868: 15:22:32.056 - Start: About to load CLR - versions available:
3868: 15:22:32.056 - v2.0.50727
3868: 15:22:32.056 - v4.0.30319
3868: 15:22:32.056 - No preference in configuration file, will load latest.
3868: 15:22:32.056 - About to load version: "v4.0.30319"
3868: 15:22:32.056 - Loaded version: "v4.0.30319"
3868: 15:22:32.368 - Photon host runtime loaded
3868: 15:22:38.149 - License is valid.
3868: 15:22:38.149 - Licensed for 100 concurrent connections.
3868: 15:22:38.149 - ENet: Max Reliable Data In Transit (awaiting ACKs) per peer : 51200 bytes
3868: 15:22:38.149 - ENet: Per peer bandwidth limit
3868: 15:22:38.149 - ENet: Transmit Rate Limit: 256 KB/Sec
3868: 15:22:38.149 - ENet: Limit period: 200ms
3868: 15:22:38.149 - ENet: Limit per period: 52428 bytes
3868: 15:22:38.149 - ENet: Max queued data for transmission per peer: 512000 bytes
3868: 15:22:38.149 - ENet: Minimum retransmit timeout: 200
3868: 15:22:38.149 - ENet: Minimum timeout: 5000ms
3868: 15:22:38.149 - ENet: Maximum timeout: 30000ms
3868: 15:22:38.149 - ENet: Max Inbound Reliable Data Queued (awaiting resends of earlier sequence numbers) per peer : 163840 bytes
3868: 15:22:38.149 - About to load application: TaidouServer from TaidouServer
3868: 15:22:38.149 - Auto restart is enabled for application, existing connections will be terminated during restart
3868: 15:22:38.149 - Application will restart 1000ms after the last change detected
3868: 15:22:38.149 - Application will restart if files matching the following are changed: "dll;config"
3868: 15:22:38.149 - Application will NOT restart if files matching the following are changed: "log4net.config"
3868: 15:22:38.368 - Taking reference on default app domain
3868: 15:22:38.728 - Application: "TaidouServer" started in app domain: 2
3868: 15:22:38.728 - About to load application: CounterPublisher from CounterPublisher
3868: 15:22:38.728 - Auto restart is enabled for application, existing connections will be terminated during restart
3868: 15:22:38.728 - Application will restart 1000ms after the last change detected
3868: 15:22:38.728 - Application will restart if files matching the following are changed: "dll;config"
3868: 15:22:38.728 - Application will NOT restart if files matching the following are changed: "log4net.config"
3868: 15:22:38.946 - Taking reference on default app domain
3868: 15:22:39.243 - Application: "CounterPublisher" started in app domain: 3
3868: 15:22:39.243 - Adding TCP listener on :0.0.0.0: 4530 with a listen backlog of: 150
3868: 15:22:39.243 - TCP inactivity timeout: 10000ms
3868: 15:22:39.243 - TCP disconnect timeout: 120000ms
3868: 15:22:39.243 - MaxInboundMessageSize: 512000
3868: 15:22:39.243 - MaxOutboundMessageSize: 512000
3868: 15:22:39.243 - Serving policy file requests from: "E:\TaidouPhotonServer\deploy\Policy\assets\socket-policy.xml"
3868: 15:22:39.290 - MaxInboundMessageSize: 512000
3868: 15:22:39.290 - MaxOutboundMessageSize: 512000
3868: 15:22:39.290 - UDP address specified as:0.0.0.0 adding listener to each available IPv4 address
3868: 15:22:39.290 - Adding UDP listener on :192.168.1.109: 5055 with a listen backlog of: 500
3868: 15:22:39.290 - Adding UDP listener on :127.0.0.1: 5055 with a listen backlog of: 500
3868: 15:22:39.290 - Adding Policy File listener on :0.0.0.0: 843 with a listen backlog of: 150 and serving Policy File: "E:\TaidouPhotonServer\deploy\Policy\assets\socket-policy.xml"
3868: 15:22:39.290 - TCP inactivity timeout: 10000ms
3868: 15:22:39.290 - Adding Policy File listener on :0.0.0.0: 943 with a listen backlog of: 150 and serving Policy File: "E:\TaidouPhotonServer\deploy\Policy\assets\socket-policy-silverlight.xml"
3868: 15:22:39.290 - TCP inactivity timeout: 10000ms
3868: 15:22:39.321 - Service is running...
