5752: 10:39:38.708 - ---
5752: 10:39:38.708 - Service: "Photon Socket Server" starting
5752: 10:39:38.708 - Config File: E:\TaidouPhotonServer\deploy\bin_Win64\PhotonServer.config
5752: 10:39:38.708 - Will produce at most: 10 crash dumps
5752: 10:39:38.708 - Action: run as exe
5752: 10:39:38.708 - Server Starting...
5752: 10:39:38.708 -    Tick count: 43732546 (wraps in: 49.2041 days)
5752: 10:39:38.708 - Tick count 64: 43732546
5752: 10:39:38.708 - Photon Version: 3.4.5.2597
5752: 10:39:38.708 - PID: 8876
5752: 10:39:38.708 - Config File: E:\TaidouPhotonServer\deploy\bin_Win64\PhotonServer.config
5752: 10:39:38.708 - Will NOT log unimportant exceptions
5752: 10:39:38.708 - Not using performance counters as they are not currently installed. Run the service with /InstallCounters to install them.
5752: 10:39:38.708 - Shutdown timeout enabled: 30000ms
5752: 10:39:38.708 - Starting I/O thread pool with 2 threads
5752: 10:39:38.708 - Using Standard allocator
5752: 10:39:38.708 - Max message size: 512000
5752: 10:39:38.708 - Starting business logic thread pool with the following settings
5752: 10:39:38.708 - InitialThreads: 4 threads
5752: 10:39:38.708 - MinThreads: 4 threads
5752: 10:39:38.708 - Thread pool is fixed size
5752: 10:39:38.708 - Starting ENet thread pool with the following settings
5752: 10:39:38.708 - InitialThreads: 2 threads
5752: 10:39:38.708 - MinThreads: 2 threads
5752: 10:39:38.708 - Thread pool is fixed size
5752: 10:39:38.708 - OnlyDispatchTimers: False
5752: 10:39:38.708 - S2S: flow control: Max pending writes: 50
5752: 10:39:38.708 - S2S: flow control: Max queued buffers: 200
5752: 10:39:38.708 - S2S: flow control: Max pending writes MUX: 500
5752: 10:39:38.708 - S2S: flow control: Max queued buffers MUX: 2000
5752: 10:39:38.708 - S2S: MaxInboundMessageSize: 512000
5752: 10:39:38.708 - S2S: MaxOutboundMessageSize: 512000
5752: 10:39:38.708 - S2S: No inactivity timeout
5752: 10:39:38.708 - WebSocket S2S: MaxInboundMessageSize: 512000
5752: 10:39:38.708 - WebSocket S2S: MaxOutboundMessageSize: 512000
5752: 10:39:38.708 - WebSocket S2S: No inactivity timeout
5752: 10:39:38.708 - Max Reliable Data In Transit (awaiting ACKs) per peer : 51200 bytes
5752: 10:39:38.708 - Per peer bandwidth limit
5752: 10:39:38.708 - Transmit Rate Limit: 256 KB/Sec
5752: 10:39:38.708 - Limit period: 200ms
5752: 10:39:38.708 - Limit per period: 52428 bytes
5752: 10:39:38.708 - Max queued data for transmission per peer: 512000 bytes
5752: 10:39:38.708 - Minimum retransmit timeout: 200
5752: 10:39:38.708 - Minimum ENet timeout: 5000ms
5752: 10:39:38.708 - Maximum ENet timeout: 30000ms
5752: 10:39:38.708 - Max Inbound Reliable Data Queued (awaiting resends of earlier sequence numbers) per peer : 163840 bytes
5752: 10:39:38.708 - Outbound ENet: MaxInboundMessageSize: 512000
5752: 10:39:38.708 - Outbound ENet: MaxOutboundMessageSize: 512000
5752: 10:39:38.708 - GetRuntime - About to load CLR - versions available:
5752: 10:39:38.708 - v2.0.50727
5752: 10:39:38.708 - v4.0.30319
5752: 10:39:38.708 - Configuration requests: "v2.0.50727"
5752: 10:39:38.708 - About to load version: "v2.0.50727"
5752: 10:39:38.724 - About to load runtime: PhotonHostRuntime.PhotonDomainManager from PhotonHostRuntime, Culture=neutral, PublicKeyToken=02C301B61B060C4D
5752: 10:39:38.724 - CLRBaseDirectory set to "E:\TaidouPhotonServer\deploy"
5752: 10:39:38.724 - Optimising event broadcast for 20 or more peers
5752: 10:39:38.724 - Start: About to load CLR - versions available:
5752: 10:39:38.724 - v2.0.50727
5752: 10:39:38.724 - v4.0.30319
5752: 10:39:38.724 - No preference in configuration file, will load latest.
5752: 10:39:38.724 - About to load version: "v4.0.30319"
5752: 10:39:38.724 - Loaded version: "v4.0.30319"
5752: 10:39:39.036 - Photon host runtime loaded
5752: 10:39:44.349 - License is valid.
5752: 10:39:44.349 - Licensed for 100 concurrent connections.
5752: 10:39:44.349 - ENet: Max Reliable Data In Transit (awaiting ACKs) per peer : 51200 bytes
5752: 10:39:44.349 - ENet: Per peer bandwidth limit
5752: 10:39:44.349 - ENet: Transmit Rate Limit: 256 KB/Sec
5752: 10:39:44.349 - ENet: Limit period: 200ms
5752: 10:39:44.349 - ENet: Limit per period: 52428 bytes
5752: 10:39:44.349 - ENet: Max queued data for transmission per peer: 512000 bytes
5752: 10:39:44.349 - ENet: Minimum retransmit timeout: 200
5752: 10:39:44.349 - ENet: Minimum timeout: 5000ms
5752: 10:39:44.349 - ENet: Maximum timeout: 30000ms
5752: 10:39:44.349 - ENet: Max Inbound Reliable Data Queued (awaiting resends of earlier sequence numbers) per peer : 163840 bytes
5752: 10:39:44.349 - About to load application: TaidouServer from TaidouServer
5752: 10:39:44.349 - Auto restart is enabled for application, existing connections will be terminated during restart
5752: 10:39:44.349 - Application will restart 1000ms after the last change detected
5752: 10:39:44.349 - Application will restart if files matching the following are changed: "dll;config"
5752: 10:39:44.349 - Application will NOT restart if files matching the following are changed: "log4net.config"
5752: 10:39:44.677 - Taking reference on default app domain
5752: 10:39:45.130 - Application: "TaidouServer" started in app domain: 2
5752: 10:39:45.130 - About to load application: CounterPublisher from CounterPublisher
5752: 10:39:45.130 - Auto restart is enabled for application, existing connections will be terminated during restart
5752: 10:39:45.130 - Application will restart 1000ms after the last change detected
5752: 10:39:45.130 - Application will restart if files matching the following are changed: "dll;config"
5752: 10:39:45.130 - Application will NOT restart if files matching the following are changed: "log4net.config"
5752: 10:39:45.396 - Taking reference on default app domain
5752: 10:39:45.614 - Application: "CounterPublisher" started in app domain: 3
5752: 10:39:45.614 - Adding TCP listener on :0.0.0.0: 4530 with a listen backlog of: 150
5752: 10:39:45.614 - TCP inactivity timeout: 10000ms
5752: 10:39:45.614 - TCP disconnect timeout: 120000ms
5752: 10:39:45.614 - MaxInboundMessageSize: 512000
5752: 10:39:45.614 - MaxOutboundMessageSize: 512000
5752: 10:39:45.614 - Serving policy file requests from: "E:\TaidouPhotonServer\deploy\Policy\assets\socket-policy.xml"
5752: 10:39:45.614 - MaxInboundMessageSize: 512000
5752: 10:39:45.614 - MaxOutboundMessageSize: 512000
5752: 10:39:45.614 - UDP address specified as:0.0.0.0 adding listener to each available IPv4 address
5752: 10:39:45.614 - Adding UDP listener on :192.168.1.131: 5055 with a listen backlog of: 500
5752: 10:39:45.614 - Adding UDP listener on :127.0.0.1: 5055 with a listen backlog of: 500
5752: 10:39:45.614 - Adding Policy File listener on :0.0.0.0: 843 with a listen backlog of: 150 and serving Policy File: "E:\TaidouPhotonServer\deploy\Policy\assets\socket-policy.xml"
5752: 10:39:45.614 - TCP inactivity timeout: 10000ms
5752: 10:39:45.614 - Adding Policy File listener on :0.0.0.0: 943 with a listen backlog of: 150 and serving Policy File: "E:\TaidouPhotonServer\deploy\Policy\assets\socket-policy-silverlight.xml"
5752: 10:39:45.614 - TCP inactivity timeout: 10000ms
5752: 10:39:45.630 - Service is running...
10580: 10:45:26.647 - Restarting application: "TaidouServer" due to file changes
10580: 10:45:26.647 - Application: "TaidouServer" restart request (abort existing connections)
10580: 10:45:26.801 - Taking reference on default app domain
10580: 10:45:27.063 - Application: "TaidouServer" started in app domain: 4
10580: 10:45:27.329 - RequestApplicationStop: 2
10580: 10:45:27.344 - Application: "TaidouServer" stopped in app domain: 2 (abort existing connections)
10580: 10:45:27.344 - Application: "TaidouServer" restart complete.
1012: 10:45:27.360 - CManagedHost::OnDefaultAction() - OPR_AppDomainUnload - eUnloadAppDomain
8884: 10:45:27.376 - Unloading Domain: ApplicationName = 'TaidouServer', DomainId='2'
1012: 10:45:27.391 - CManagedHost::OnDomainUnload() - 2
5752: 10:45:29.548 - Service is stopped...
5752: 10:45:29.548 - Server shutting down...
5752: 10:45:29.548 - Shutdown monitoring enabled, 30000ms before process abort
5752: 10:45:29.548 - Notifying CLR applications of shutdown...
5752: 10:45:29.548 - RequestApplicationStop: 3
5752: 10:45:29.548 - RequestApplicationStop: 4
5752: 10:45:29.563 - RequestStop: defalt app domain
5752: 10:45:29.563 - Shutting down WebSocket Outbound Connection Manager...
5752: 10:45:29.563 - Shutting down TCP Outbound Connection Manager...
5752: 10:45:29.563 - Shutting down ENet Outbound Connection Manager...
5752: 10:45:29.563 - Disconnecting all outbound peers...
5752: 10:45:29.563 - Shutting down ENet host...
5752: 10:45:29.563 - Disconnecting all peers...
5752: 10:45:29.563 - Shutting down socket servers...
5752: 10:45:29.563 - Shutting down ENet thread pool...
5752: 10:45:29.563 - Shutting down TCP inactivity timers...
5752: 10:45:29.563 - WaitingForShutdownToComplete: NativePolicy:0.0.0.0:843
5752: 10:45:29.563 - OnShutdownCompleted: NativePolicy:0.0.0.0:843
5752: 10:45:29.563 - WaitingForShutdownToComplete: NativePolicy:0.0.0.0:943
5752: 10:45:29.563 - OnShutdownCompleted: NativePolicy:0.0.0.0:943
5752: 10:45:29.563 - WaitingForShutdownToComplete: TCP:0.0.0.0:4530
5752: 10:45:29.563 - OnShutdownCompleted: TCP:0.0.0.0:4530
5752: 10:45:29.563 - WaitingForShutdownToComplete: UDP:127.0.0.1:5055
5752: 10:45:29.563 - OnShutdownCompleted: UDP:127.0.0.1:5055
5752: 10:45:29.563 - WaitingForShutdownToComplete: UDP:192.168.1.131:5055
5752: 10:45:29.563 - OnShutdownCompleted: UDP:192.168.1.131:5055
5752: 10:45:29.563 - Shutting down CLR applications...
1012: 10:45:29.579 - CManagedHost::OnDefaultAction() - OPR_AppDomainUnload - eUnloadAppDomain
5752: 10:45:29.595 - Shutting down business logic thread pool...
5752: 10:45:29.595 - Shutting down I/O thread pool...
5752: 10:45:29.595 - Destroying servers
5752: 10:45:29.595 - Destroying WebSocket Outbound Connection Manager
5752: 10:45:29.595 - Destroying TCP Outbound Connection Manager
5752: 10:45:29.595 - Destroying TCP inactivity timer
5752: 10:45:29.595 - Destroying ENet timer wheel
5752: 10:45:29.595 - Destroying ENet host
5752: 10:45:29.595 - Destroying ENet outbound host
5752: 10:45:29.595 - Destroying HTTP inactivity timer
5752: 10:45:29.595 - Destroying HTTP host
5752: 10:45:29.595 - Flushing ENET buffer allocator...
5752: 10:45:29.595 - Flushing TCP buffer handle allocator...
5752: 10:45:29.595 - Flushing stream socket allocator...
5752: 10:45:29.595 - Flushing inbound datagram socket allocator...
5752: 10:45:29.595 - Flushing outbound datagram socket allocator...
5752: 10:45:29.595 - Destroying CLR dispatcher
5752: 10:45:29.595 - Destroying CLR applications
5752: 10:45:29.595 - ~CCLRApplicationCollection() - Waiting up to 10 seconds for the CLR to release all of our objects
8884: 10:45:29.610 - Unloading Domain: ApplicationName = 'CounterPublisher', DomainId='3'
1012: 10:45:29.610 - CManagedHost::OnDomainUnload() - 3
1012: 10:45:29.610 - CManagedHost::OnDefaultAction() - OPR_AppDomainUnload - eUnloadAppDomain
8884: 10:45:29.641 - Unloading Domain: ApplicationName = 'TaidouServer', DomainId='4'
1012: 10:45:29.641 - CManagedHost::OnDomainUnload() - 4
5752: 10:45:29.641 - ~CCLRApplicationCollection() - Done. All objects released
5752: 10:45:29.641 - ~CManagedHost() - Release default app domain
5752: 10:45:29.641 - CManagedHost::OnDomainUnload() - 1
5752: 10:45:29.641 - ~CManagedHost() - Waiting up to 10 seconds for CLR shutdown...
5752: 10:45:29.641 - ~CManagedHost
5752: 10:45:29.641 - Destroying ENet thread pool
5752: 10:45:29.641 - Destroying Business logic thread pool
5752: 10:45:29.641 - Destroying I/O thread pool
5752: 10:45:29.641 - Destroying ENet buffer allocator
5752: 10:45:29.641 - Destroying TCP buffer allocator
5752: 10:45:29.641 - Destroying TCP socket allocator
5752: 10:45:29.641 - Destroying ENet inbound socket allocator
5752: 10:45:29.641 - Destroying ENet outbound socket allocator
5752: 10:45:29.641 - Shutdown complete...
5752: 10:45:29.641 - Service shutting down
5752: 10:45:29.641 - Service shut down complete
10356: 10:45:34.563 - ---
10356: 10:45:34.563 - Service: "Photon Socket Server" starting
10356: 10:45:34.563 - Config File: E:\TaidouPhotonServer\deploy\bin_Win64\PhotonServer.config
10356: 10:45:34.563 - Will produce at most: 10 crash dumps
10356: 10:45:34.563 - Action: run as exe
10356: 10:45:34.563 - Server Starting...
10356: 10:45:34.563 -    Tick count: 44088406 (wraps in: 49.2 days)
10356: 10:45:34.563 - Tick count 64: 44088406
10356: 10:45:34.563 - Photon Version: 3.4.5.2597
10356: 10:45:34.563 - PID: 6064
10356: 10:45:34.563 - Config File: E:\TaidouPhotonServer\deploy\bin_Win64\PhotonServer.config
10356: 10:45:34.563 - Will NOT log unimportant exceptions
10356: 10:45:34.563 - Not using performance counters as they are not currently installed. Run the service with /InstallCounters to install them.
10356: 10:45:34.563 - Shutdown timeout enabled: 30000ms
10356: 10:45:34.563 - Starting I/O thread pool with 2 threads
10356: 10:45:34.563 - Using Standard allocator
10356: 10:45:34.563 - Max message size: 512000
10356: 10:45:34.563 - Starting business logic thread pool with the following settings
10356: 10:45:34.563 - InitialThreads: 4 threads
10356: 10:45:34.563 - MinThreads: 4 threads
10356: 10:45:34.563 - Thread pool is fixed size
10356: 10:45:34.563 - Starting ENet thread pool with the following settings
10356: 10:45:34.563 - InitialThreads: 2 threads
10356: 10:45:34.563 - MinThreads: 2 threads
10356: 10:45:34.563 - Thread pool is fixed size
10356: 10:45:34.563 - OnlyDispatchTimers: False
10356: 10:45:34.563 - S2S: flow control: Max pending writes: 50
10356: 10:45:34.563 - S2S: flow control: Max queued buffers: 200
10356: 10:45:34.563 - S2S: flow control: Max pending writes MUX: 500
10356: 10:45:34.563 - S2S: flow control: Max queued buffers MUX: 2000
10356: 10:45:34.563 - S2S: MaxInboundMessageSize: 512000
10356: 10:45:34.563 - S2S: MaxOutboundMessageSize: 512000
10356: 10:45:34.563 - S2S: No inactivity timeout
10356: 10:45:34.563 - WebSocket S2S: MaxInboundMessageSize: 512000
10356: 10:45:34.563 - WebSocket S2S: MaxOutboundMessageSize: 512000
10356: 10:45:34.563 - WebSocket S2S: No inactivity timeout
10356: 10:45:34.563 - Max Reliable Data In Transit (awaiting ACKs) per peer : 51200 bytes
10356: 10:45:34.563 - Per peer bandwidth limit
10356: 10:45:34.563 - Transmit Rate Limit: 256 KB/Sec
10356: 10:45:34.563 - Limit period: 200ms
10356: 10:45:34.563 - Limit per period: 52428 bytes
10356: 10:45:34.563 - Max queued data for transmission per peer: 512000 bytes
10356: 10:45:34.563 - Minimum retransmit timeout: 200
10356: 10:45:34.563 - Minimum ENet timeout: 5000ms
10356: 10:45:34.563 - Maximum ENet timeout: 30000ms
10356: 10:45:34.563 - Max Inbound Reliable Data Queued (awaiting resends of earlier sequence numbers) per peer : 163840 bytes
10356: 10:45:34.563 - Outbound ENet: MaxInboundMessageSize: 512000
10356: 10:45:34.563 - Outbound ENet: MaxOutboundMessageSize: 512000
10356: 10:45:34.579 - GetRuntime - About to load CLR - versions available:
10356: 10:45:34.579 - v2.0.50727
10356: 10:45:34.579 - v4.0.30319
10356: 10:45:34.579 - Configuration requests: "v2.0.50727"
10356: 10:45:34.579 - About to load version: "v2.0.50727"
10356: 10:45:34.579 - About to load runtime: PhotonHostRuntime.PhotonDomainManager from PhotonHostRuntime, Culture=neutral, PublicKeyToken=02C301B61B060C4D
10356: 10:45:34.579 - CLRBaseDirectory set to "E:\TaidouPhotonServer\deploy"
10356: 10:45:34.579 - Optimising event broadcast for 20 or more peers
10356: 10:45:34.579 - Start: About to load CLR - versions available:
10356: 10:45:34.579 - v2.0.50727
10356: 10:45:34.579 - v4.0.30319
10356: 10:45:34.579 - No preference in configuration file, will load latest.
10356: 10:45:34.579 - About to load version: "v4.0.30319"
10356: 10:45:34.579 - Loaded version: "v4.0.30319"
10356: 10:45:34.891 - Photon host runtime loaded
10356: 10:45:45.673 - License is valid.
10356: 10:45:45.673 - Licensed for 100 concurrent connections.
10356: 10:45:45.673 - ENet: Max Reliable Data In Transit (awaiting ACKs) per peer : 51200 bytes
10356: 10:45:45.673 - ENet: Per peer bandwidth limit
10356: 10:45:45.673 - ENet: Transmit Rate Limit: 256 KB/Sec
10356: 10:45:45.673 - ENet: Limit period: 200ms
10356: 10:45:45.673 - ENet: Limit per period: 52428 bytes
10356: 10:45:45.673 - ENet: Max queued data for transmission per peer: 512000 bytes
10356: 10:45:45.673 - ENet: Minimum retransmit timeout: 200
10356: 10:45:45.673 - ENet: Minimum timeout: 5000ms
10356: 10:45:45.673 - ENet: Maximum timeout: 30000ms
10356: 10:45:45.673 - ENet: Max Inbound Reliable Data Queued (awaiting resends of earlier sequence numbers) per peer : 163840 bytes
10356: 10:45:45.673 - About to load application: TaidouServer from TaidouServer
10356: 10:45:45.673 - Auto restart is enabled for application, existing connections will be terminated during restart
10356: 10:45:45.673 - Application will restart 1000ms after the last change detected
10356: 10:45:45.673 - Application will restart if files matching the following are changed: "dll;config"
10356: 10:45:45.673 - Application will NOT restart if files matching the following are changed: "log4net.config"
10356: 10:45:45.813 - Taking reference on default app domain
10356: 10:45:46.001 - Application: "TaidouServer" started in app domain: 2
10356: 10:45:46.001 - About to load application: CounterPublisher from CounterPublisher
10356: 10:45:46.001 - Auto restart is enabled for application, existing connections will be terminated during restart
10356: 10:45:46.001 - Application will restart 1000ms after the last change detected
10356: 10:45:46.001 - Application will restart if files matching the following are changed: "dll;config"
10356: 10:45:46.001 - Application will NOT restart if files matching the following are changed: "log4net.config"
10356: 10:45:46.126 - Taking reference on default app domain
10356: 10:45:46.220 - Application: "CounterPublisher" started in app domain: 3
10356: 10:45:46.220 - Adding TCP listener on :0.0.0.0: 4530 with a listen backlog of: 150
10356: 10:45:46.220 - TCP inactivity timeout: 10000ms
10356: 10:45:46.220 - TCP disconnect timeout: 120000ms
10356: 10:45:46.220 - MaxInboundMessageSize: 512000
10356: 10:45:46.220 - MaxOutboundMessageSize: 512000
10356: 10:45:46.220 - Serving policy file requests from: "E:\TaidouPhotonServer\deploy\Policy\assets\socket-policy.xml"
10356: 10:45:46.220 - MaxInboundMessageSize: 512000
10356: 10:45:46.220 - MaxOutboundMessageSize: 512000
10356: 10:45:46.220 - UDP address specified as:0.0.0.0 adding listener to each available IPv4 address
10356: 10:45:46.220 - Adding UDP listener on :192.168.1.131: 5055 with a listen backlog of: 500
10356: 10:45:46.220 - Adding UDP listener on :127.0.0.1: 5055 with a listen backlog of: 500
10356: 10:45:46.220 - Adding Policy File listener on :0.0.0.0: 843 with a listen backlog of: 150 and serving Policy File: "E:\TaidouPhotonServer\deploy\Policy\assets\socket-policy.xml"
10356: 10:45:46.220 - TCP inactivity timeout: 10000ms
10356: 10:45:46.220 - Adding Policy File listener on :0.0.0.0: 943 with a listen backlog of: 150 and serving Policy File: "E:\TaidouPhotonServer\deploy\Policy\assets\socket-policy-silverlight.xml"
10356: 10:45:46.220 - TCP inactivity timeout: 10000ms
10356: 10:45:46.235 - Service is running...
10356: 13:44:01.589 - Service is stopped...
10356: 13:44:01.589 - Server shutting down...
10356: 13:44:01.589 - Shutdown monitoring enabled, 30000ms before process abort
10356: 13:44:01.589 - Notifying CLR applications of shutdown...
10356: 13:44:01.589 - RequestApplicationStop: 3
10356: 13:44:01.589 - RequestApplicationStop: 2
10356: 13:44:01.605 - RequestStop: defalt app domain
10356: 13:44:01.605 - Shutting down WebSocket Outbound Connection Manager...
10356: 13:44:01.605 - Shutting down TCP Outbound Connection Manager...
10356: 13:44:01.605 - Shutting down ENet Outbound Connection Manager...
10356: 13:44:01.605 - Disconnecting all outbound peers...
10356: 13:44:01.605 - Shutting down ENet host...
10356: 13:44:01.605 - Disconnecting all peers...
10356: 13:44:01.605 - Shutting down socket servers...
10356: 13:44:01.605 - Shutting down ENet thread pool...
10356: 13:44:01.605 - Shutting down TCP inactivity timers...
10356: 13:44:01.605 - WaitingForShutdownToComplete: NativePolicy:0.0.0.0:843
10356: 13:44:01.605 - OnShutdownCompleted: NativePolicy:0.0.0.0:843
10356: 13:44:01.605 - WaitingForShutdownToComplete: NativePolicy:0.0.0.0:943
10356: 13:44:01.605 - OnShutdownCompleted: NativePolicy:0.0.0.0:943
10356: 13:44:01.605 - WaitingForShutdownToComplete: TCP:0.0.0.0:4530
10356: 13:44:01.605 - OnShutdownCompleted: TCP:0.0.0.0:4530
10356: 13:44:01.605 - WaitingForShutdownToComplete: UDP:127.0.0.1:5055
10356: 13:44:01.605 - OnShutdownCompleted: UDP:127.0.0.1:5055
10356: 13:44:01.605 - WaitingForShutdownToComplete: UDP:192.168.1.131:5055
10356: 13:44:01.605 - OnShutdownCompleted: UDP:192.168.1.131:5055
10356: 13:44:01.605 - Shutting down CLR applications...
6740: 13:44:01.605 - CManagedHost::OnDefaultAction() - OPR_AppDomainUnload - eUnloadAppDomain
10356: 13:44:01.620 - Shutting down business logic thread pool...
10356: 13:44:01.620 - Shutting down I/O thread pool...
10356: 13:44:01.620 - Destroying servers
10356: 13:44:01.620 - Destroying WebSocket Outbound Connection Manager
10356: 13:44:01.620 - Destroying TCP Outbound Connection Manager
10356: 13:44:01.620 - Destroying TCP inactivity timer
10356: 13:44:01.620 - Destroying ENet timer wheel
10356: 13:44:01.620 - Destroying ENet host
10356: 13:44:01.620 - Destroying ENet outbound host
10356: 13:44:01.620 - Destroying HTTP inactivity timer
10356: 13:44:01.620 - Destroying HTTP host
10356: 13:44:01.620 - Flushing ENET buffer allocator...
10356: 13:44:01.620 - Flushing TCP buffer handle allocator...
10356: 13:44:01.620 - Flushing stream socket allocator...
10356: 13:44:01.620 - Flushing inbound datagram socket allocator...
10356: 13:44:01.620 - Flushing outbound datagram socket allocator...
10356: 13:44:01.620 - Destroying CLR dispatcher
10356: 13:44:01.620 - Destroying CLR applications
10356: 13:44:01.620 - ~CCLRApplicationCollection() - Waiting up to 10 seconds for the CLR to release all of our objects
8684: 13:44:01.620 - Unloading Domain: ApplicationName = 'CounterPublisher', DomainId='3'
6740: 13:44:01.620 - CManagedHost::OnDomainUnload() - 3
6740: 13:44:01.636 - CManagedHost::OnDefaultAction() - OPR_AppDomainUnload - eUnloadAppDomain
8684: 13:44:01.651 - Unloading Domain: ApplicationName = 'TaidouServer', DomainId='2'
6740: 13:44:01.651 - CManagedHost::OnDomainUnload() - 2
10356: 13:44:01.651 - ~CCLRApplicationCollection() - Done. All objects released
10356: 13:44:01.651 - ~CManagedHost() - Release default app domain
10356: 13:44:01.651 - CManagedHost::OnDomainUnload() - 1
10356: 13:44:01.651 - ~CManagedHost() - Waiting up to 10 seconds for CLR shutdown...
10356: 13:44:01.651 - ~CManagedHost
10356: 13:44:01.651 - Destroying ENet thread pool
10356: 13:44:01.651 - Destroying Business logic thread pool
10356: 13:44:01.651 - Destroying I/O thread pool
10356: 13:44:01.651 - Destroying ENet buffer allocator
10356: 13:44:01.651 - Destroying TCP buffer allocator
10356: 13:44:01.651 - Destroying TCP socket allocator
10356: 13:44:01.651 - Destroying ENet inbound socket allocator
10356: 13:44:01.651 - Destroying ENet outbound socket allocator
10356: 13:44:01.651 - Shutdown complete...
10356: 13:44:01.651 - Service shutting down
10356: 13:44:01.651 - Service shut down complete
8924: 15:41:39.561 - ---
8924: 15:41:39.561 - Service: "Photon Socket Server" starting
8924: 15:41:39.561 - Config File: E:\TaidouPhotonServer\deploy\bin_Win64\PhotonServer.config
8924: 15:41:39.561 - Will produce at most: 10 crash dumps
8924: 15:41:39.561 - Action: run as exe
8924: 15:41:39.561 - Server Starting...
8924: 15:41:39.561 -    Tick count: 61853390 (wraps in: 48.9944 days)
8924: 15:41:39.561 - Tick count 64: 61853390
8924: 15:41:39.561 - Photon Version: 3.4.5.2597
8924: 15:41:39.561 - PID: 8140
8924: 15:41:39.561 - Config File: E:\TaidouPhotonServer\deploy\bin_Win64\PhotonServer.config
8924: 15:41:39.561 - Will NOT log unimportant exceptions
8924: 15:41:39.561 - Not using performance counters as they are not currently installed. Run the service with /InstallCounters to install them.
8924: 15:41:39.561 - Shutdown timeout enabled: 30000ms
8924: 15:41:39.561 - Starting I/O thread pool with 2 threads
8924: 15:41:39.561 - Using Standard allocator
8924: 15:41:39.561 - Max message size: 512000
8924: 15:41:39.561 - Starting business logic thread pool with the following settings
8924: 15:41:39.561 - InitialThreads: 4 threads
8924: 15:41:39.561 - MinThreads: 4 threads
8924: 15:41:39.561 - Thread pool is fixed size
8924: 15:41:39.561 - Starting ENet thread pool with the following settings
8924: 15:41:39.561 - InitialThreads: 2 threads
8924: 15:41:39.561 - MinThreads: 2 threads
8924: 15:41:39.561 - Thread pool is fixed size
8924: 15:41:39.561 - OnlyDispatchTimers: False
8924: 15:41:39.561 - S2S: flow control: Max pending writes: 50
8924: 15:41:39.561 - S2S: flow control: Max queued buffers: 200
8924: 15:41:39.561 - S2S: flow control: Max pending writes MUX: 500
8924: 15:41:39.561 - S2S: flow control: Max queued buffers MUX: 2000
8924: 15:41:39.561 - S2S: MaxInboundMessageSize: 512000
8924: 15:41:39.561 - S2S: MaxOutboundMessageSize: 512000
8924: 15:41:39.561 - S2S: No inactivity timeout
8924: 15:41:39.577 - WebSocket S2S: MaxInboundMessageSize: 512000
8924: 15:41:39.577 - WebSocket S2S: MaxOutboundMessageSize: 512000
8924: 15:41:39.577 - WebSocket S2S: No inactivity timeout
8924: 15:41:39.577 - Max Reliable Data In Transit (awaiting ACKs) per peer : 51200 bytes
8924: 15:41:39.577 - Per peer bandwidth limit
8924: 15:41:39.577 - Transmit Rate Limit: 256 KB/Sec
8924: 15:41:39.577 - Limit period: 200ms
8924: 15:41:39.577 - Limit per period: 52428 bytes
8924: 15:41:39.577 - Max queued data for transmission per peer: 512000 bytes
8924: 15:41:39.577 - Minimum retransmit timeout: 200
8924: 15:41:39.577 - Minimum ENet timeout: 5000ms
8924: 15:41:39.577 - Maximum ENet timeout: 30000ms
8924: 15:41:39.577 - Max Inbound Reliable Data Queued (awaiting resends of earlier sequence numbers) per peer : 163840 bytes
8924: 15:41:39.577 - Outbound ENet: MaxInboundMessageSize: 512000
8924: 15:41:39.577 - Outbound ENet: MaxOutboundMessageSize: 512000
8924: 15:41:39.577 - GetRuntime - About to load CLR - versions available:
8924: 15:41:39.577 - v2.0.50727
8924: 15:41:39.577 - v4.0.30319
8924: 15:41:39.577 - Configuration requests: "v2.0.50727"
8924: 15:41:39.577 - About to load version: "v2.0.50727"
8924: 15:41:39.577 - About to load runtime: PhotonHostRuntime.PhotonDomainManager from PhotonHostRuntime, Culture=neutral, PublicKeyToken=02C301B61B060C4D
8924: 15:41:39.577 - CLRBaseDirectory set to "E:\TaidouPhotonServer\deploy"
8924: 15:41:39.577 - Optimising event broadcast for 20 or more peers
8924: 15:41:39.593 - Start: About to load CLR - versions available:
8924: 15:41:39.593 - v2.0.50727
8924: 15:41:39.593 - v4.0.30319
8924: 15:41:39.593 - No preference in configuration file, will load latest.
8924: 15:41:39.593 - About to load version: "v4.0.30319"
8924: 15:41:39.593 - Loaded version: "v4.0.30319"
8924: 15:41:39.838 - Photon host runtime loaded
8924: 15:41:45.512 - License is valid.
8924: 15:41:45.512 - Licensed for 100 concurrent connections.
8924: 15:41:45.512 - ENet: Max Reliable Data In Transit (awaiting ACKs) per peer : 51200 bytes
8924: 15:41:45.512 - ENet: Per peer bandwidth limit
8924: 15:41:45.512 - ENet: Transmit Rate Limit: 256 KB/Sec
8924: 15:41:45.512 - ENet: Limit period: 200ms
8924: 15:41:45.512 - ENet: Limit per period: 52428 bytes
8924: 15:41:45.512 - ENet: Max queued data for transmission per peer: 512000 bytes
8924: 15:41:45.512 - ENet: Minimum retransmit timeout: 200
8924: 15:41:45.512 - ENet: Minimum timeout: 5000ms
8924: 15:41:45.512 - ENet: Maximum timeout: 30000ms
8924: 15:41:45.512 - ENet: Max Inbound Reliable Data Queued (awaiting resends of earlier sequence numbers) per peer : 163840 bytes
8924: 15:41:45.512 - About to load application: TaidouServer from TaidouServer
8924: 15:41:45.512 - Auto restart is enabled for application, existing connections will be terminated during restart
8924: 15:41:45.512 - Application will restart 1000ms after the last change detected
8924: 15:41:45.512 - Application will restart if files matching the following are changed: "dll;config"
8924: 15:41:45.512 - Application will NOT restart if files matching the following are changed: "log4net.config"
8924: 15:41:45.715 - Taking reference on default app domain
8924: 15:41:46.105 - Application: "TaidouServer" started in app domain: 2
8924: 15:41:46.105 - About to load application: CounterPublisher from CounterPublisher
8924: 15:41:46.105 - Auto restart is enabled for application, existing connections will be terminated during restart
8924: 15:41:46.105 - Application will restart 1000ms after the last change detected
8924: 15:41:46.105 - Application will restart if files matching the following are changed: "dll;config"
8924: 15:41:46.105 - Application will NOT restart if files matching the following are changed: "log4net.config"
8924: 15:41:46.293 - Taking reference on default app domain
8924: 15:41:46.480 - Application: "CounterPublisher" started in app domain: 3
8924: 15:41:46.480 - Adding TCP listener on :0.0.0.0: 4530 with a listen backlog of: 150
8924: 15:41:46.480 - TCP inactivity timeout: 10000ms
8924: 15:41:46.480 - TCP disconnect timeout: 120000ms
8924: 15:41:46.480 - MaxInboundMessageSize: 512000
8924: 15:41:46.480 - MaxOutboundMessageSize: 512000
8924: 15:41:46.480 - Serving policy file requests from: "E:\TaidouPhotonServer\deploy\Policy\assets\socket-policy.xml"
8924: 15:41:46.480 - MaxInboundMessageSize: 512000
8924: 15:41:46.480 - MaxOutboundMessageSize: 512000
8924: 15:41:46.480 - UDP address specified as:0.0.0.0 adding listener to each available IPv4 address
8924: 15:41:46.480 - Adding UDP listener on :192.168.1.131: 5055 with a listen backlog of: 500
8924: 15:41:46.480 - Adding UDP listener on :127.0.0.1: 5055 with a listen backlog of: 500
8924: 15:41:46.480 - Adding Policy File listener on :0.0.0.0: 843 with a listen backlog of: 150 and serving Policy File: "E:\TaidouPhotonServer\deploy\Policy\assets\socket-policy.xml"
8924: 15:41:46.480 - TCP inactivity timeout: 10000ms
8924: 15:41:46.480 - Adding Policy File listener on :0.0.0.0: 943 with a listen backlog of: 150 and serving Policy File: "E:\TaidouPhotonServer\deploy\Policy\assets\socket-policy-silverlight.xml"
8924: 15:41:46.480 - TCP inactivity timeout: 10000ms
8924: 15:41:46.496 - Service is running...
8924: 20:03:31.794 - Service is stopped...
8924: 20:03:31.794 - Server shutting down...
8924: 20:03:31.794 - Shutdown monitoring enabled, 30000ms before process abort
8924: 20:03:31.794 - Notifying CLR applications of shutdown...
8924: 20:03:31.794 - RequestApplicationStop: 3
8924: 20:03:31.802 - RequestApplicationStop: 2
8924: 20:03:31.835 - RequestStop: defalt app domain
8924: 20:03:31.853 - Shutting down WebSocket Outbound Connection Manager...
8924: 20:03:31.853 - Shutting down TCP Outbound Connection Manager...
8924: 20:03:31.853 - Shutting down ENet Outbound Connection Manager...
8924: 20:03:31.853 - Disconnecting all outbound peers...
8924: 20:03:31.853 - Shutting down ENet host...
8924: 20:03:31.853 - Disconnecting all peers...
8924: 20:03:31.853 - Shutting down socket servers...
8924: 20:03:31.853 - Shutting down ENet thread pool...
8924: 20:03:31.853 - Shutting down TCP inactivity timers...
8924: 20:03:31.854 - WaitingForShutdownToComplete: NativePolicy:0.0.0.0:843
8924: 20:03:31.854 - OnShutdownCompleted: NativePolicy:0.0.0.0:843
8924: 20:03:31.854 - WaitingForShutdownToComplete: NativePolicy:0.0.0.0:943
8924: 20:03:31.854 - OnShutdownCompleted: NativePolicy:0.0.0.0:943
8924: 20:03:31.854 - WaitingForShutdownToComplete: TCP:0.0.0.0:4530
8924: 20:03:31.854 - OnShutdownCompleted: TCP:0.0.0.0:4530
8924: 20:03:31.854 - WaitingForShutdownToComplete: UDP:127.0.0.1:5055
8924: 20:03:31.854 - OnShutdownCompleted: UDP:127.0.0.1:5055
8924: 20:03:31.854 - WaitingForShutdownToComplete: UDP:192.168.1.131:5055
8924: 20:03:31.854 - OnShutdownCompleted: UDP:192.168.1.131:5055
8924: 20:03:31.854 - Shutting down CLR applications...
8248: 20:03:31.862 - CManagedHost::OnDefaultAction() - OPR_AppDomainUnload - eUnloadAppDomain
8924: 20:03:31.869 - Shutting down business logic thread pool...
8924: 20:03:31.869 - Shutting down I/O thread pool...
8924: 20:03:31.869 - Destroying servers
8924: 20:03:31.869 - Destroying WebSocket Outbound Connection Manager
8924: 20:03:31.869 - Destroying TCP Outbound Connection Manager
8924: 20:03:31.869 - Destroying TCP inactivity timer
8924: 20:03:31.869 - Destroying ENet timer wheel
8924: 20:03:31.869 - Destroying ENet host
8924: 20:03:31.869 - Destroying ENet outbound host
8924: 20:03:31.869 - Destroying HTTP inactivity timer
8924: 20:03:31.869 - Destroying HTTP host
8924: 20:03:31.869 - Flushing ENET buffer allocator...
8924: 20:03:31.870 - Flushing TCP buffer handle allocator...
8924: 20:03:31.870 - Flushing stream socket allocator...
8924: 20:03:31.871 - Flushing inbound datagram socket allocator...
8924: 20:03:31.871 - Flushing outbound datagram socket allocator...
8924: 20:03:31.871 - Destroying CLR dispatcher
8924: 20:03:31.871 - Destroying CLR applications
8924: 20:03:31.871 - ~CCLRApplicationCollection() - Waiting up to 10 seconds for the CLR to release all of our objects
9432: 20:03:31.881 - Unloading Domain: ApplicationName = 'CounterPublisher', DomainId='3'
8248: 20:03:31.881 - CManagedHost::OnDomainUnload() - 3
8248: 20:03:31.891 - CManagedHost::OnDefaultAction() - OPR_AppDomainUnload - eUnloadAppDomain
9432: 20:03:31.917 - Unloading Domain: ApplicationName = 'TaidouServer', DomainId='2'
8248: 20:03:31.922 - CManagedHost::OnDomainUnload() - 2
8924: 20:03:31.923 - ~CCLRApplicationCollection() - Done. All objects released
8924: 20:03:31.923 - ~CManagedHost() - Release default app domain
8924: 20:03:31.923 - CManagedHost::OnDomainUnload() - 1
8924: 20:03:31.923 - ~CManagedHost() - Waiting up to 10 seconds for CLR shutdown...
8924: 20:03:31.923 - ~CManagedHost
8924: 20:03:31.923 - Destroying ENet thread pool
8924: 20:03:31.923 - Destroying Business logic thread pool
8924: 20:03:31.923 - Destroying I/O thread pool
8924: 20:03:31.923 - Destroying ENet buffer allocator
8924: 20:03:31.923 - Destroying TCP buffer allocator
8924: 20:03:31.923 - Destroying TCP socket allocator
8924: 20:03:31.923 - Destroying ENet inbound socket allocator
8924: 20:03:31.923 - Destroying ENet outbound socket allocator
8924: 20:03:31.923 - Shutdown complete...
8924: 20:03:31.923 - Service shutting down
8924: 20:03:31.925 - Service shut down complete
