21600: 09:53:44.529 - ---
21600: 09:53:44.529 - Service: "Photon Socket Server" starting
21600: 09:53:44.529 - Config File: E:\TaidouPhotonServer\deploy\bin_Win64\PhotonServer.config
21600: 09:53:44.529 - Will produce at most: 10 crash dumps
21600: 09:53:44.529 - Service shutting down
21600: 09:53:44.529 - Service shut down complete
14556: 12:25:38.970 - ---
14556: 12:25:38.970 - Service: "Photon Socket Server" starting
14556: 12:25:38.970 - Config File: E:\TaidouPhotonServer\deploy\bin_Win64\PhotonServer.config
14556: 12:25:38.970 - Will produce at most: 10 crash dumps
14556: 12:25:38.970 - Service shutting down
14556: 12:25:38.970 - Service shut down complete
18080: 12:49:31.371 - ---
18080: 12:49:31.371 - Service: "Photon Socket Server" starting
18080: 12:49:31.371 - Config File: E:\TaidouPhotonServer\deploy\bin_Win64\PhotonServer.config
18080: 12:49:31.371 - Will produce at most: 10 crash dumps
18080: 12:49:31.371 - Service shutting down
18080: 12:49:31.371 - Service shut down complete
11120: 12:52:11.746 - ---
11120: 12:52:11.746 - Service: "Photon Socket Server" starting
11120: 12:52:11.746 - Config File: E:\TaidouPhotonServer\deploy\bin_Win64\PhotonServer.config
11120: 12:52:11.747 - Will produce at most: 10 crash dumps
11120: 12:52:11.747 - Service shutting down
11120: 12:52:11.748 - Service shut down complete
