22104: 11:30:01.035 - ---
22104: 11:30:01.035 - Service: "Photon Socket Server" starting
22104: 11:30:01.035 - Config File: E:\TaidouPhotonServer\deploy\bin_Win64\PhotonServer.config
22104: 11:30:01.036 - Will produce at most: 10 crash dumps
22104: 11:30:01.037 - Action: run as exe
22104: 11:30:01.048 - Server Starting...
22104: 11:30:01.056 -    Tick count: 863992906 (wraps in: 39.7104 days)
22104: 11:30:01.056 - Tick count 64: 863992921
22104: 11:30:01.056 - Photon Version: 3.4.5.2597
22104: 11:30:01.056 - PID: 22860
22104: 11:30:01.057 - Config File: E:\TaidouPhotonServer\deploy\bin_Win64\PhotonServer.config
22104: 11:30:01.060 - CService::OnException() - Exception: CXMLDocument::LoadFromString() - Error document empty.
22104: 11:30:01.069 - Server shutting down...
22104: 11:30:01.069 - Shutting down socket servers...
22104: 11:30:01.070 - Destroying servers
22104: 11:30:01.070 - Destroying WebSocket Outbound Connection Manager
22104: 11:30:01.070 - Destroying TCP Outbound Connection Manager
22104: 11:30:01.070 - Destroying TCP inactivity timer
22104: 11:30:01.070 - Destroying ENet timer wheel
22104: 11:30:01.070 - Destroying ENet host
22104: 11:30:01.070 - Destroying HTTP inactivity timer
22104: 11:30:01.070 - Destroying HTTP host
22104: 11:30:01.070 - Destroying CLR dispatcher
22104: 11:30:01.070 - Destroying CLR applications
22104: 11:30:01.070 - Destroying ENet thread pool
22104: 11:30:01.070 - Destroying I/O thread pool
22104: 11:30:01.070 - Destroying ENet buffer allocator
22104: 11:30:01.070 - Destroying TCP buffer allocator
22104: 11:30:01.070 - Destroying TCP socket allocator
22104: 11:30:01.070 - Destroying ENet inbound socket allocator
22104: 11:30:01.070 - Destroying ENet outbound socket allocator
22104: 11:30:01.092 - Shutdown complete...
22104: 11:30:01.100 - Service shutting down: with Exception (1). Errorcode: 6
22104: 11:30:01.101 - Service shut down complete
10580: 11:30:20.631 - ---
10580: 11:30:20.631 - Service: "Photon Socket Server" starting
10580: 11:30:20.631 - Config File: E:\TaidouPhotonServer\deploy\bin_Win64\PhotonServer.config
10580: 11:30:20.632 - Will produce at most: 10 crash dumps
10580: 11:30:20.632 - Action: run as exe
10580: 11:30:20.633 - Server Starting...
10580: 11:30:20.633 -    Tick count: 864012500 (wraps in: 39.7101 days)
10580: 11:30:20.633 - Tick count 64: 864012500
10580: 11:30:20.633 - Photon Version: 3.4.5.2597
10580: 11:30:20.633 - PID: 20008
10580: 11:30:20.633 - Config File: E:\TaidouPhotonServer\deploy\bin_Win64\PhotonServer.config
10580: 11:30:20.633 - CService::OnException() - Exception: CXMLDocument::LoadFromString() - Error document empty.
10580: 11:30:20.633 - Server shutting down...
10580: 11:30:20.633 - Shutting down socket servers...
10580: 11:30:20.633 - Destroying servers
10580: 11:30:20.633 - Destroying WebSocket Outbound Connection Manager
10580: 11:30:20.633 - Destroying TCP Outbound Connection Manager
10580: 11:30:20.633 - Destroying TCP inactivity timer
10580: 11:30:20.633 - Destroying ENet timer wheel
10580: 11:30:20.633 - Destroying ENet host
10580: 11:30:20.633 - Destroying HTTP inactivity timer
10580: 11:30:20.633 - Destroying HTTP host
10580: 11:30:20.633 - Destroying CLR dispatcher
10580: 11:30:20.633 - Destroying CLR applications
10580: 11:30:20.633 - Destroying ENet thread pool
10580: 11:30:20.633 - Destroying I/O thread pool
10580: 11:30:20.633 - Destroying ENet buffer allocator
10580: 11:30:20.633 - Destroying TCP buffer allocator
10580: 11:30:20.633 - Destroying TCP socket allocator
10580: 11:30:20.633 - Destroying ENet inbound socket allocator
10580: 11:30:20.633 - Destroying ENet outbound socket allocator
10580: 11:30:20.633 - Shutdown complete...
10580: 11:30:20.633 - Service shutting down: with Exception (1). Errorcode: 6
10580: 11:30:20.636 - Service shut down complete
18356: 11:32:42.960 - ---
18356: 11:32:42.960 - Service: "Photon Socket Server" starting
18356: 11:32:42.960 - Config File: E:\TaidouPhotonServer\deploy\bin_Win64\PhotonServer.config
18356: 11:32:42.961 - Will produce at most: 10 crash dumps
18356: 11:32:42.961 - Action: run as exe
18356: 11:32:42.961 - Server Starting...
18356: 11:32:42.961 -    Tick count: 864154828 (wraps in: 39.7085 days)
18356: 11:32:42.961 - Tick count 64: 864154828
18356: 11:32:42.961 - Photon Version: 3.4.5.2597
18356: 11:32:42.961 - PID: 18960
18356: 11:32:42.961 - Config File: E:\TaidouPhotonServer\deploy\bin_Win64\PhotonServer.config
18356: 11:32:42.962 - CService::OnException() - Exception: CXMLDocument::LoadFromString() - Error document empty.
18356: 11:32:42.962 - Server shutting down...
18356: 11:32:42.962 - Shutting down socket servers...
18356: 11:32:42.962 - Destroying servers
18356: 11:32:42.962 - Destroying WebSocket Outbound Connection Manager
18356: 11:32:42.962 - Destroying TCP Outbound Connection Manager
18356: 11:32:42.962 - Destroying TCP inactivity timer
18356: 11:32:42.962 - Destroying ENet timer wheel
18356: 11:32:42.962 - Destroying ENet host
18356: 11:32:42.962 - Destroying HTTP inactivity timer
18356: 11:32:42.962 - Destroying HTTP host
18356: 11:32:42.962 - Destroying CLR dispatcher
18356: 11:32:42.962 - Destroying CLR applications
18356: 11:32:42.962 - Destroying ENet thread pool
18356: 11:32:42.962 - Destroying I/O thread pool
18356: 11:32:42.962 - Destroying ENet buffer allocator
18356: 11:32:42.962 - Destroying TCP buffer allocator
18356: 11:32:42.962 - Destroying TCP socket allocator
18356: 11:32:42.962 - Destroying ENet inbound socket allocator
18356: 11:32:42.962 - Destroying ENet outbound socket allocator
18356: 11:32:42.962 - Shutdown complete...
18356: 11:32:42.962 - Service shutting down: with Exception (1). Errorcode: 6
18356: 11:32:42.963 - Service shut down complete
9748: 11:32:53.361 - ---
9748: 11:32:53.361 - Service: "Photon Socket Server" starting
9748: 11:32:53.361 - Config File: E:\TaidouPhotonServer\deploy\bin_Win64\PhotonServer.config
9748: 11:32:53.362 - Will produce at most: 10 crash dumps
9748: 11:32:53.362 - Action: run as exe
9748: 11:32:53.363 - Server Starting...
9748: 11:32:53.363 -    Tick count: 864165218 (wraps in: 39.7084 days)
9748: 11:32:53.363 - Tick count 64: 864165218
9748: 11:32:53.363 - Photon Version: 3.4.5.2597
9748: 11:32:53.363 - PID: 20192
9748: 11:32:53.363 - Config File: E:\TaidouPhotonServer\deploy\bin_Win64\PhotonServer.config
9748: 11:32:53.363 - CService::OnException() - Exception: CXMLDocument::LoadFromString() - Error document empty.
9748: 11:32:53.363 - Server shutting down...
9748: 11:32:53.363 - Shutting down socket servers...
9748: 11:32:53.363 - Destroying servers
9748: 11:32:53.363 - Destroying WebSocket Outbound Connection Manager
9748: 11:32:53.363 - Destroying TCP Outbound Connection Manager
9748: 11:32:53.363 - Destroying TCP inactivity timer
9748: 11:32:53.363 - Destroying ENet timer wheel
9748: 11:32:53.363 - Destroying ENet host
9748: 11:32:53.363 - Destroying HTTP inactivity timer
9748: 11:32:53.363 - Destroying HTTP host
9748: 11:32:53.363 - Destroying CLR dispatcher
9748: 11:32:53.363 - Destroying CLR applications
9748: 11:32:53.363 - Destroying ENet thread pool
9748: 11:32:53.363 - Destroying I/O thread pool
9748: 11:32:53.363 - Destroying ENet buffer allocator
9748: 11:32:53.363 - Destroying TCP buffer allocator
9748: 11:32:53.363 - Destroying TCP socket allocator
9748: 11:32:53.364 - Destroying ENet inbound socket allocator
9748: 11:32:53.364 - Destroying ENet outbound socket allocator
9748: 11:32:53.364 - Shutdown complete...
9748: 11:32:53.364 - Service shutting down: with Exception (1). Errorcode: 6
9748: 11:32:53.365 - Service shut down complete
3840: 11:48:58.955 - ---
3840: 11:48:58.955 - Service: "Photon Socket Server" starting
3840: 11:48:58.955 - Config File: E:\TaidouPhotonServer\deploy\bin_Win64\PhotonServer.config
3840: 11:48:58.955 - Will produce at most: 10 crash dumps
3840: 11:48:58.956 - Action: run as exe
3840: 11:48:58.956 - Server Starting...
3840: 11:48:58.956 -    Tick count: 183796 (wraps in: 49.7081 days)
3840: 11:48:58.956 - Tick count 64: 183796
3840: 11:48:58.956 - Photon Version: 3.4.5.2597
3840: 11:48:58.956 - PID: 2508
3840: 11:48:58.956 - Config File: E:\TaidouPhotonServer\deploy\bin_Win64\PhotonServer.config
3840: 11:48:58.956 - CService::OnException() - Exception: CXMLDocument::LoadFromString() - Error document empty.
3840: 11:48:58.956 - Server shutting down...
3840: 11:48:58.956 - Shutting down socket servers...
3840: 11:48:58.956 - Destroying servers
3840: 11:48:58.956 - Destroying WebSocket Outbound Connection Manager
3840: 11:48:58.956 - Destroying TCP Outbound Connection Manager
3840: 11:48:58.956 - Destroying TCP inactivity timer
3840: 11:48:58.956 - Destroying ENet timer wheel
3840: 11:48:58.956 - Destroying ENet host
3840: 11:48:58.956 - Destroying HTTP inactivity timer
3840: 11:48:58.956 - Destroying HTTP host
3840: 11:48:58.956 - Destroying CLR dispatcher
3840: 11:48:58.956 - Destroying CLR applications
3840: 11:48:58.956 - Destroying ENet thread pool
3840: 11:48:58.956 - Destroying I/O thread pool
3840: 11:48:58.956 - Destroying ENet buffer allocator
3840: 11:48:58.956 - Destroying TCP buffer allocator
3840: 11:48:58.956 - Destroying TCP socket allocator
3840: 11:48:58.956 - Destroying ENet inbound socket allocator
3840: 11:48:58.956 - Destroying ENet outbound socket allocator
3840: 11:48:58.956 - Shutdown complete...
3840: 11:48:58.956 - Service shutting down: with Exception (1). Errorcode: 6
3840: 11:48:58.957 - Service shut down complete
2592: 11:52:16.801 - ---
2592: 11:52:16.801 - Service: "Photon Socket Server" starting
2592: 11:52:16.801 - Config File: E:\TaidouPhotonServer\deploy\bin_Win64\PhotonServer.config
2592: 11:52:16.802 - Will produce at most: 10 crash dumps
2592: 11:52:16.802 - Action: run as exe
2592: 11:52:16.802 - Server Starting...
2592: 11:52:16.802 -    Tick count: 381640 (wraps in: 49.7059 days)
2592: 11:52:16.802 - Tick count 64: 381640
2592: 11:52:16.802 - Photon Version: 3.4.5.2597
2592: 11:52:16.802 - PID: 8152
2592: 11:52:16.802 - Config File: E:\TaidouPhotonServer\deploy\bin_Win64\PhotonServer.config
2592: 11:52:16.802 - CService::OnException() - Exception: CXMLDocument::LoadFromString() - Error document empty.
2592: 11:52:16.802 - Server shutting down...
2592: 11:52:16.802 - Shutting down socket servers...
2592: 11:52:16.802 - Destroying servers
2592: 11:52:16.802 - Destroying WebSocket Outbound Connection Manager
2592: 11:52:16.802 - Destroying TCP Outbound Connection Manager
2592: 11:52:16.802 - Destroying TCP inactivity timer
2592: 11:52:16.802 - Destroying ENet timer wheel
2592: 11:52:16.802 - Destroying ENet host
2592: 11:52:16.802 - Destroying HTTP inactivity timer
2592: 11:52:16.802 - Destroying HTTP host
2592: 11:52:16.802 - Destroying CLR dispatcher
2592: 11:52:16.802 - Destroying CLR applications
2592: 11:52:16.802 - Destroying ENet thread pool
2592: 11:52:16.802 - Destroying I/O thread pool
2592: 11:52:16.802 - Destroying ENet buffer allocator
2592: 11:52:16.802 - Destroying TCP buffer allocator
2592: 11:52:16.802 - Destroying TCP socket allocator
2592: 11:52:16.802 - Destroying ENet inbound socket allocator
2592: 11:52:16.802 - Destroying ENet outbound socket allocator
2592: 11:52:16.802 - Shutdown complete...
2592: 11:52:16.803 - Service shutting down: with Exception (1). Errorcode: 6
2592: 11:52:16.803 - Service shut down complete
3440: 11:52:25.770 - ---
3440: 11:52:25.770 - Service: "Photon Socket Server" starting
3440: 11:52:25.770 - Config File: E:\TaidouPhotonServer\deploy\bin_Win64\PhotonServer.config
3440: 11:52:25.771 - Will produce at most: 10 crash dumps
3440: 11:52:25.771 - Action: run as exe
3440: 11:52:25.771 - Server Starting...
3440: 11:52:25.771 -    Tick count: 390609 (wraps in: 49.7057 days)
3440: 11:52:25.771 - Tick count 64: 390609
3440: 11:52:25.771 - Photon Version: 3.4.5.2597
3440: 11:52:25.771 - PID: 7088
3440: 11:52:25.771 - Config File: E:\TaidouPhotonServer\deploy\bin_Win64\PhotonServer.config
3440: 11:52:25.772 - CService::OnException() - Exception: CXMLDocument::LoadFromString() - Error document empty.
3440: 11:52:25.772 - Server shutting down...
3440: 11:52:25.772 - Shutting down socket servers...
3440: 11:52:25.772 - Destroying servers
3440: 11:52:25.772 - Destroying WebSocket Outbound Connection Manager
3440: 11:52:25.772 - Destroying TCP Outbound Connection Manager
3440: 11:52:25.772 - Destroying TCP inactivity timer
3440: 11:52:25.772 - Destroying ENet timer wheel
3440: 11:52:25.772 - Destroying ENet host
3440: 11:52:25.772 - Destroying HTTP inactivity timer
3440: 11:52:25.772 - Destroying HTTP host
3440: 11:52:25.772 - Destroying CLR dispatcher
3440: 11:52:25.772 - Destroying CLR applications
3440: 11:52:25.772 - Destroying ENet thread pool
3440: 11:52:25.772 - Destroying I/O thread pool
3440: 11:52:25.772 - Destroying ENet buffer allocator
3440: 11:52:25.772 - Destroying TCP buffer allocator
3440: 11:52:25.772 - Destroying TCP socket allocator
3440: 11:52:25.772 - Destroying ENet inbound socket allocator
3440: 11:52:25.772 - Destroying ENet outbound socket allocator
3440: 11:52:25.772 - Shutdown complete...
3440: 11:52:25.772 - Service shutting down: with Exception (1). Errorcode: 6
3440: 11:52:25.773 - Service shut down complete
7192: 11:52:30.580 - ---
7192: 11:52:30.580 - Service: "Photon Socket Server" starting
7192: 11:52:30.580 - Config File: E:\TaidouPhotonServer\deploy\bin_Win64\PhotonServer.config
7192: 11:52:30.580 - Will produce at most: 10 crash dumps
7192: 11:52:30.580 - Action: run as exe
7192: 11:52:30.581 - Server Starting...
7192: 11:52:30.581 -    Tick count: 395421 (wraps in: 49.7057 days)
7192: 11:52:30.581 - Tick count 64: 395421
7192: 11:52:30.581 - Photon Version: 3.4.5.2597
7192: 11:52:30.581 - PID: 1652
7192: 11:52:30.581 - Config File: E:\TaidouPhotonServer\deploy\bin_Win64\PhotonServer.config
7192: 11:52:30.581 - CService::OnException() - Exception: CXMLDocument::LoadFromString() - Error document empty.
7192: 11:52:30.581 - Server shutting down...
7192: 11:52:30.581 - Shutting down socket servers...
7192: 11:52:30.581 - Destroying servers
7192: 11:52:30.581 - Destroying WebSocket Outbound Connection Manager
7192: 11:52:30.581 - Destroying TCP Outbound Connection Manager
7192: 11:52:30.581 - Destroying TCP inactivity timer
7192: 11:52:30.581 - Destroying ENet timer wheel
7192: 11:52:30.581 - Destroying ENet host
7192: 11:52:30.581 - Destroying HTTP inactivity timer
7192: 11:52:30.581 - Destroying HTTP host
7192: 11:52:30.581 - Destroying CLR dispatcher
7192: 11:52:30.581 - Destroying CLR applications
7192: 11:52:30.581 - Destroying ENet thread pool
7192: 11:52:30.581 - Destroying I/O thread pool
7192: 11:52:30.581 - Destroying ENet buffer allocator
7192: 11:52:30.581 - Destroying TCP buffer allocator
7192: 11:52:30.581 - Destroying TCP socket allocator
7192: 11:52:30.581 - Destroying ENet inbound socket allocator
7192: 11:52:30.581 - Destroying ENet outbound socket allocator
7192: 11:52:30.581 - Shutdown complete...
7192: 11:52:30.581 - Service shutting down: with Exception (1). Errorcode: 6
7192: 11:52:30.581 - Service shut down complete
4168: 11:53:39.865 - ---
4168: 11:53:39.865 - Service: "Photon Socket Server" starting
4168: 11:53:39.865 - Config File: E:\TaidouPhotonServer\deploy\bin_Win64\PhotonServer.config
4168: 11:53:39.866 - Will produce at most: 10 crash dumps
4168: 11:53:39.866 - Action: run as exe
4168: 11:53:39.866 - Server Starting...
4168: 11:53:39.866 -    Tick count: 464703 (wraps in: 49.7049 days)
4168: 11:53:39.866 - Tick count 64: 464703
4168: 11:53:39.866 - Photon Version: 3.4.5.2597
4168: 11:53:39.866 - PID: 1656
4168: 11:53:39.866 - Config File: E:\TaidouPhotonServer\deploy\bin_Win64\PhotonServer.config
4168: 11:53:39.866 - CService::OnException() - Exception: CXMLDocument::LoadFromString() - Error document empty.
4168: 11:53:39.866 - Server shutting down...
4168: 11:53:39.866 - Shutting down socket servers...
4168: 11:53:39.866 - Destroying servers
4168: 11:53:39.866 - Destroying WebSocket Outbound Connection Manager
4168: 11:53:39.866 - Destroying TCP Outbound Connection Manager
4168: 11:53:39.866 - Destroying TCP inactivity timer
4168: 11:53:39.866 - Destroying ENet timer wheel
4168: 11:53:39.866 - Destroying ENet host
4168: 11:53:39.866 - Destroying HTTP inactivity timer
4168: 11:53:39.866 - Destroying HTTP host
4168: 11:53:39.866 - Destroying CLR dispatcher
4168: 11:53:39.866 - Destroying CLR applications
4168: 11:53:39.866 - Destroying ENet thread pool
4168: 11:53:39.866 - Destroying I/O thread pool
4168: 11:53:39.866 - Destroying ENet buffer allocator
4168: 11:53:39.866 - Destroying TCP buffer allocator
4168: 11:53:39.866 - Destroying TCP socket allocator
4168: 11:53:39.866 - Destroying ENet inbound socket allocator
4168: 11:53:39.866 - Destroying ENet outbound socket allocator
4168: 11:53:39.867 - Shutdown complete...
4168: 11:53:39.867 - Service shutting down: with Exception (1). Errorcode: 6
4168: 11:53:39.867 - Service shut down complete
1620: 11:53:48.266 - ---
1620: 11:53:48.266 - Service: "Photon Socket Server" starting
1620: 11:53:48.266 - Config File: E:\TaidouPhotonServer\deploy\bin_Win64\PhotonServer.config
1620: 11:53:48.267 - Will produce at most: 10 crash dumps
1620: 11:53:48.267 - Action: run as exe
1620: 11:53:48.267 - Server Starting...
1620: 11:53:48.267 -    Tick count: 473109 (wraps in: 49.7048 days)
1620: 11:53:48.267 - Tick count 64: 473109
1620: 11:53:48.267 - Photon Version: 3.4.5.2597
1620: 11:53:48.267 - PID: 1728
1620: 11:53:48.267 - Config File: E:\TaidouPhotonServer\deploy\bin_Win64\PhotonServer.config
1620: 11:53:48.267 - CService::OnException() - Exception: CXMLDocument::LoadFromString() - Error document empty.
1620: 11:53:48.267 - Server shutting down...
1620: 11:53:48.267 - Shutting down socket servers...
1620: 11:53:48.267 - Destroying servers
1620: 11:53:48.267 - Destroying WebSocket Outbound Connection Manager
1620: 11:53:48.267 - Destroying TCP Outbound Connection Manager
1620: 11:53:48.267 - Destroying TCP inactivity timer
1620: 11:53:48.267 - Destroying ENet timer wheel
1620: 11:53:48.267 - Destroying ENet host
1620: 11:53:48.267 - Destroying HTTP inactivity timer
1620: 11:53:48.267 - Destroying HTTP host
1620: 11:53:48.267 - Destroying CLR dispatcher
1620: 11:53:48.267 - Destroying CLR applications
1620: 11:53:48.267 - Destroying ENet thread pool
1620: 11:53:48.267 - Destroying I/O thread pool
1620: 11:53:48.267 - Destroying ENet buffer allocator
1620: 11:53:48.267 - Destroying TCP buffer allocator
1620: 11:53:48.267 - Destroying TCP socket allocator
1620: 11:53:48.267 - Destroying ENet inbound socket allocator
1620: 11:53:48.267 - Destroying ENet outbound socket allocator
1620: 11:53:48.267 - Shutdown complete...
1620: 11:53:48.267 - Service shutting down: with Exception (1). Errorcode: 6
1620: 11:53:48.268 - Service shut down complete
7380: 11:54:05.740 - ---
7380: 11:54:05.740 - Service: "Photon Socket Server" starting
7380: 11:54:05.740 - Config File: E:\TaidouPhotonServer\deploy\bin_Win64\PhotonServer.config
7380: 11:54:05.740 - Will produce at most: 10 crash dumps
7380: 11:54:05.740 - Action: run as exe
7380: 11:54:05.740 - Server Starting...
7380: 11:54:05.740 -    Tick count: 490578 (wraps in: 49.7046 days)
7380: 11:54:05.740 - Tick count 64: 490578
7380: 11:54:05.740 - Photon Version: 3.4.5.2597
7380: 11:54:05.740 - PID: 6524
7380: 11:54:05.740 - Config File: E:\TaidouPhotonServer\deploy\bin_Win64\PhotonServer.config
7380: 11:54:05.740 - CService::OnException() - Exception: CXMLDocument::LoadFromString() - Error document empty.
7380: 11:54:05.741 - Server shutting down...
7380: 11:54:05.741 - Shutting down socket servers...
7380: 11:54:05.741 - Destroying servers
7380: 11:54:05.741 - Destroying WebSocket Outbound Connection Manager
7380: 11:54:05.741 - Destroying TCP Outbound Connection Manager
7380: 11:54:05.741 - Destroying TCP inactivity timer
7380: 11:54:05.741 - Destroying ENet timer wheel
7380: 11:54:05.741 - Destroying ENet host
7380: 11:54:05.741 - Destroying HTTP inactivity timer
7380: 11:54:05.741 - Destroying HTTP host
7380: 11:54:05.741 - Destroying CLR dispatcher
7380: 11:54:05.741 - Destroying CLR applications
7380: 11:54:05.741 - Destroying ENet thread pool
7380: 11:54:05.741 - Destroying I/O thread pool
7380: 11:54:05.741 - Destroying ENet buffer allocator
7380: 11:54:05.741 - Destroying TCP buffer allocator
7380: 11:54:05.741 - Destroying TCP socket allocator
7380: 11:54:05.741 - Destroying ENet inbound socket allocator
7380: 11:54:05.741 - Destroying ENet outbound socket allocator
7380: 11:54:05.741 - Shutdown complete...
7380: 11:54:05.741 - Service shutting down: with Exception (1). Errorcode: 6
7380: 11:54:05.741 - Service shut down complete
4420: 11:54:20.519 - ---
4420: 11:54:20.519 - Service: "Photon Socket Server" starting
4420: 11:54:20.519 - Config File: E:\TaidouPhotonServer\deploy\bin_Win64\PhotonServer.config
4420: 11:54:20.520 - Will produce at most: 10 crash dumps
4420: 11:54:20.520 - Action: run as exe
4420: 11:54:20.520 - Server Starting...
4420: 11:54:20.520 -    Tick count: 505359 (wraps in: 49.7044 days)
4420: 11:54:20.520 - Tick count 64: 505359
4420: 11:54:20.520 - Photon Version: 3.4.5.2597
4420: 11:54:20.520 - PID: 3212
4420: 11:54:20.520 - Config File: E:\TaidouPhotonServer\deploy\bin_Win64\PhotonServer.config
4420: 11:54:20.520 - CService::OnException() - Exception: CXMLDocument::LoadFromString() - Error document empty.
4420: 11:54:20.520 - Server shutting down...
4420: 11:54:20.520 - Shutting down socket servers...
4420: 11:54:20.520 - Destroying servers
4420: 11:54:20.520 - Destroying WebSocket Outbound Connection Manager
4420: 11:54:20.520 - Destroying TCP Outbound Connection Manager
4420: 11:54:20.520 - Destroying TCP inactivity timer
4420: 11:54:20.520 - Destroying ENet timer wheel
4420: 11:54:20.520 - Destroying ENet host
4420: 11:54:20.520 - Destroying HTTP inactivity timer
4420: 11:54:20.520 - Destroying HTTP host
4420: 11:54:20.520 - Destroying CLR dispatcher
4420: 11:54:20.520 - Destroying CLR applications
4420: 11:54:20.520 - Destroying ENet thread pool
4420: 11:54:20.520 - Destroying I/O thread pool
4420: 11:54:20.520 - Destroying ENet buffer allocator
4420: 11:54:20.520 - Destroying TCP buffer allocator
4420: 11:54:20.520 - Destroying TCP socket allocator
4420: 11:54:20.520 - Destroying ENet inbound socket allocator
4420: 11:54:20.520 - Destroying ENet outbound socket allocator
4420: 11:54:20.520 - Shutdown complete...
4420: 11:54:20.520 - Service shutting down: with Exception (1). Errorcode: 6
4420: 11:54:20.521 - Service shut down complete
5584: 11:55:15.534 - ---
5584: 11:55:15.534 - Service: "Photon Socket Server" starting
5584: 11:55:15.534 - Config File: E:\TaidouPhotonServer\deploy\bin_Win64\PhotonServer.config
5584: 11:55:15.535 - Will produce at most: 10 crash dumps
5584: 11:55:15.535 - Action: run as exe
5584: 11:55:15.535 - Server Starting...
5584: 11:55:15.535 -    Tick count: 560375 (wraps in: 49.7038 days)
5584: 11:55:15.535 - Tick count 64: 560375
5584: 11:55:15.535 - Photon Version: 3.4.5.2597
5584: 11:55:15.535 - PID: 7284
5584: 11:55:15.535 - Config File: E:\TaidouPhotonServer\deploy\bin_Win64\PhotonServer.config
5584: 11:55:15.535 - CService::OnException() - Exception: CXMLDocument::LoadFromString() - Error document empty.
5584: 11:55:15.535 - Server shutting down...
5584: 11:55:15.535 - Shutting down socket servers...
5584: 11:55:15.535 - Destroying servers
5584: 11:55:15.535 - Destroying WebSocket Outbound Connection Manager
5584: 11:55:15.535 - Destroying TCP Outbound Connection Manager
5584: 11:55:15.535 - Destroying TCP inactivity timer
5584: 11:55:15.535 - Destroying ENet timer wheel
5584: 11:55:15.535 - Destroying ENet host
5584: 11:55:15.535 - Destroying HTTP inactivity timer
5584: 11:55:15.535 - Destroying HTTP host
5584: 11:55:15.535 - Destroying CLR dispatcher
5584: 11:55:15.535 - Destroying CLR applications
5584: 11:55:15.535 - Destroying ENet thread pool
5584: 11:55:15.535 - Destroying I/O thread pool
5584: 11:55:15.535 - Destroying ENet buffer allocator
5584: 11:55:15.535 - Destroying TCP buffer allocator
5584: 11:55:15.535 - Destroying TCP socket allocator
5584: 11:55:15.535 - Destroying ENet inbound socket allocator
5584: 11:55:15.535 - Destroying ENet outbound socket allocator
5584: 11:55:15.536 - Shutdown complete...
5584: 11:55:15.536 - Service shutting down: with Exception (1). Errorcode: 6
5584: 11:55:15.536 - Service shut down complete
6036: 11:55:23.400 - ---
6036: 11:55:23.400 - Service: "Photon Socket Server" starting
6036: 11:55:23.400 - Config File: E:\TaidouPhotonServer\deploy\bin_Win64\PhotonServer.config
6036: 11:55:23.400 - Will produce at most: 10 crash dumps
6036: 11:55:23.400 - Action: run as exe
6036: 11:55:23.401 - Server Starting...
6036: 11:55:23.401 -    Tick count: 568234 (wraps in: 49.7037 days)
6036: 11:55:23.401 - Tick count 64: 568234
6036: 11:55:23.401 - Photon Version: 3.4.5.2597
6036: 11:55:23.401 - PID: 3204
6036: 11:55:23.401 - Config File: E:\TaidouPhotonServer\deploy\bin_Win64\PhotonServer.config
6036: 11:55:23.401 - CService::OnException() - Exception: CXMLDocument::LoadFromString() - Error document empty.
6036: 11:55:23.401 - Server shutting down...
6036: 11:55:23.401 - Shutting down socket servers...
6036: 11:55:23.401 - Destroying servers
6036: 11:55:23.401 - Destroying WebSocket Outbound Connection Manager
6036: 11:55:23.401 - Destroying TCP Outbound Connection Manager
6036: 11:55:23.401 - Destroying TCP inactivity timer
6036: 11:55:23.401 - Destroying ENet timer wheel
6036: 11:55:23.401 - Destroying ENet host
6036: 11:55:23.401 - Destroying HTTP inactivity timer
6036: 11:55:23.401 - Destroying HTTP host
6036: 11:55:23.401 - Destroying CLR dispatcher
6036: 11:55:23.401 - Destroying CLR applications
6036: 11:55:23.401 - Destroying ENet thread pool
6036: 11:55:23.401 - Destroying I/O thread pool
6036: 11:55:23.401 - Destroying ENet buffer allocator
6036: 11:55:23.401 - Destroying TCP buffer allocator
6036: 11:55:23.401 - Destroying TCP socket allocator
6036: 11:55:23.401 - Destroying ENet inbound socket allocator
6036: 11:55:23.401 - Destroying ENet outbound socket allocator
6036: 11:55:23.401 - Shutdown complete...
6036: 11:55:23.401 - Service shutting down: with Exception (1). Errorcode: 6
6036: 11:55:23.401 - Service shut down complete
5592: 11:57:38.635 - ---
5592: 11:57:38.635 - Service: "Photon Socket Server" starting
5592: 11:57:38.635 - Config File: E:\TaidouPhotonServer\deploy\bin_Win64\PhotonServer.config
5592: 11:57:38.635 - Will produce at most: 10 crash dumps
5592: 11:57:38.635 - Action: run as exe
5592: 11:57:38.636 - Server Starting...
5592: 11:57:38.636 -    Tick count: 703468 (wraps in: 49.7021 days)
5592: 11:57:38.636 - Tick count 64: 703468
5592: 11:57:38.636 - Photon Version: 3.4.5.2597
5592: 11:57:38.636 - PID: 1748
5592: 11:57:38.636 - Config File: E:\TaidouPhotonServer\deploy\bin_Win64\PhotonServer.config
5592: 11:57:38.636 - CService::OnException() - Exception: CXMLDocument::LoadFromString() - Error document empty.
5592: 11:57:38.636 - Server shutting down...
5592: 11:57:38.636 - Shutting down socket servers...
5592: 11:57:38.636 - Destroying servers
5592: 11:57:38.636 - Destroying WebSocket Outbound Connection Manager
5592: 11:57:38.636 - Destroying TCP Outbound Connection Manager
5592: 11:57:38.636 - Destroying TCP inactivity timer
5592: 11:57:38.636 - Destroying ENet timer wheel
5592: 11:57:38.636 - Destroying ENet host
5592: 11:57:38.636 - Destroying HTTP inactivity timer
5592: 11:57:38.636 - Destroying HTTP host
5592: 11:57:38.636 - Destroying CLR dispatcher
5592: 11:57:38.636 - Destroying CLR applications
5592: 11:57:38.636 - Destroying ENet thread pool
5592: 11:57:38.636 - Destroying I/O thread pool
5592: 11:57:38.636 - Destroying ENet buffer allocator
5592: 11:57:38.636 - Destroying TCP buffer allocator
5592: 11:57:38.636 - Destroying TCP socket allocator
5592: 11:57:38.636 - Destroying ENet inbound socket allocator
5592: 11:57:38.636 - Destroying ENet outbound socket allocator
5592: 11:57:38.636 - Shutdown complete...
5592: 11:57:38.636 - Service shutting down: with Exception (1). Errorcode: 6
5592: 11:57:38.637 - Service shut down complete
3080: 11:58:18.422 - ---
3080: 11:58:18.422 - Service: "Photon Socket Server" starting
3080: 11:58:18.422 - Config File: E:\TaidouPhotonServer\deploy\bin_Win64\PhotonServer.config
3080: 11:58:18.422 - Will produce at most: 10 crash dumps
3080: 11:58:18.423 - Action: run as exe
3080: 11:58:18.423 - Server Starting...
3080: 11:58:18.423 -    Tick count: 743265 (wraps in: 49.7017 days)
3080: 11:58:18.423 - Tick count 64: 743265
3080: 11:58:18.423 - Photon Version: 3.4.5.2597
3080: 11:58:18.423 - PID: 1264
3080: 11:58:18.423 - Config File: E:\TaidouPhotonServer\deploy\bin_Win64\PhotonServer.config
3080: 11:58:18.423 - CService::OnException() - Exception: CXMLDocument::LoadFromString() - Error document empty.
3080: 11:58:18.423 - Server shutting down...
3080: 11:58:18.423 - Shutting down socket servers...
3080: 11:58:18.423 - Destroying servers
3080: 11:58:18.423 - Destroying WebSocket Outbound Connection Manager
3080: 11:58:18.423 - Destroying TCP Outbound Connection Manager
3080: 11:58:18.423 - Destroying TCP inactivity timer
3080: 11:58:18.423 - Destroying ENet timer wheel
3080: 11:58:18.423 - Destroying ENet host
3080: 11:58:18.423 - Destroying HTTP inactivity timer
3080: 11:58:18.423 - Destroying HTTP host
3080: 11:58:18.423 - Destroying CLR dispatcher
3080: 11:58:18.423 - Destroying CLR applications
3080: 11:58:18.423 - Destroying ENet thread pool
3080: 11:58:18.423 - Destroying I/O thread pool
3080: 11:58:18.423 - Destroying ENet buffer allocator
3080: 11:58:18.423 - Destroying TCP buffer allocator
3080: 11:58:18.423 - Destroying TCP socket allocator
3080: 11:58:18.423 - Destroying ENet inbound socket allocator
3080: 11:58:18.423 - Destroying ENet outbound socket allocator
3080: 11:58:18.423 - Shutdown complete...
3080: 11:58:18.423 - Service shutting down: with Exception (1). Errorcode: 6
3080: 11:58:18.424 - Service shut down complete
7216: 11:59:24.703 - ---
7216: 11:59:24.703 - Service: "Photon Socket Server" starting
7216: 11:59:24.703 - Config File: E:\TaidouPhotonServer\deploy\bin_Win64\PhotonServer.config
7216: 11:59:24.704 - Will produce at most: 10 crash dumps
7216: 11:59:24.704 - Action: run as exe
7216: 11:59:24.704 - Server Starting...
7216: 11:59:24.704 -    Tick count: 809546 (wraps in: 49.7009 days)
7216: 11:59:24.704 - Tick count 64: 809546
7216: 11:59:24.704 - Photon Version: 3.4.5.2597
7216: 11:59:24.704 - PID: 5984
7216: 11:59:24.704 - Config File: E:\TaidouPhotonServer\deploy\bin_Win64\PhotonServer.config
7216: 11:59:24.704 - CService::OnException() - Exception: CXMLDocument::LoadFromString() - Error document empty.
7216: 11:59:24.704 - Server shutting down...
7216: 11:59:24.704 - Shutting down socket servers...
7216: 11:59:24.704 - Destroying servers
7216: 11:59:24.704 - Destroying WebSocket Outbound Connection Manager
7216: 11:59:24.704 - Destroying TCP Outbound Connection Manager
7216: 11:59:24.704 - Destroying TCP inactivity timer
7216: 11:59:24.704 - Destroying ENet timer wheel
7216: 11:59:24.704 - Destroying ENet host
7216: 11:59:24.704 - Destroying HTTP inactivity timer
7216: 11:59:24.704 - Destroying HTTP host
7216: 11:59:24.704 - Destroying CLR dispatcher
7216: 11:59:24.704 - Destroying CLR applications
7216: 11:59:24.704 - Destroying ENet thread pool
7216: 11:59:24.704 - Destroying I/O thread pool
7216: 11:59:24.704 - Destroying ENet buffer allocator
7216: 11:59:24.704 - Destroying TCP buffer allocator
7216: 11:59:24.704 - Destroying TCP socket allocator
7216: 11:59:24.704 - Destroying ENet inbound socket allocator
7216: 11:59:24.704 - Destroying ENet outbound socket allocator
7216: 11:59:24.704 - Shutdown complete...
7216: 11:59:24.705 - Service shutting down: with Exception (1). Errorcode: 6
7216: 11:59:24.705 - Service shut down complete
952: 12:01:27.352 - ---
952: 12:01:27.352 - Service: "Photon Socket Server" starting
952: 12:01:27.353 - Config File: E:\TaidouPhotonServer\deploy\bin_Win64\PhotonServer.config
952: 12:01:27.355 - Will produce at most: 10 crash dumps
952: 12:01:27.355 - Action: run as exe
952: 12:01:27.355 - Server Starting...
952: 12:01:27.355 -    Tick count: 932187 (wraps in: 49.6995 days)
952: 12:01:27.356 - Tick count 64: 932187
952: 12:01:27.356 - Photon Version: 3.4.5.2597
952: 12:01:27.356 - PID: 7460
952: 12:01:27.356 - Config File: E:\TaidouPhotonServer\deploy\bin_Win64\PhotonServer.config
952: 12:01:27.357 - Will NOT log unimportant exceptions
952: 12:01:27.405 - Not using performance counters as they are not currently installed. Run the service with /InstallCounters to install them.
952: 12:01:27.405 - Shutdown timeout enabled: 30000ms
952: 12:01:27.406 - Starting I/O thread pool with 2 threads
952: 12:01:27.406 - Using Standard allocator
952: 12:01:27.406 - Max message size: 512000
952: 12:01:27.407 - Starting business logic thread pool with the following settings
952: 12:01:27.407 - InitialThreads: 4 threads
952: 12:01:27.407 - MinThreads: 4 threads
952: 12:01:27.407 - Thread pool is fixed size
952: 12:01:27.408 - Starting ENet thread pool with the following settings
952: 12:01:27.408 - InitialThreads: 2 threads
952: 12:01:27.408 - MinThreads: 2 threads
952: 12:01:27.408 - Thread pool is fixed size
952: 12:01:27.408 - OnlyDispatchTimers: False
952: 12:01:27.408 - S2S: flow control: Max pending writes: 50
952: 12:01:27.408 - S2S: flow control: Max queued buffers: 200
952: 12:01:27.409 - S2S: flow control: Max pending writes MUX: 500
952: 12:01:27.409 - S2S: flow control: Max queued buffers MUX: 2000
952: 12:01:27.409 - S2S: MaxInboundMessageSize: 512000
952: 12:01:27.409 - S2S: MaxOutboundMessageSize: 512000
952: 12:01:27.409 - S2S: No inactivity timeout
952: 12:01:27.460 - WebSocket S2S: MaxInboundMessageSize: 512000
952: 12:01:27.460 - WebSocket S2S: MaxOutboundMessageSize: 512000
952: 12:01:27.460 - WebSocket S2S: No inactivity timeout
952: 12:01:27.461 - Max Reliable Data In Transit (awaiting ACKs) per peer : 51200 bytes
952: 12:01:27.461 - Per peer bandwidth limit
952: 12:01:27.461 - Transmit Rate Limit: 256 KB/Sec
952: 12:01:27.461 - Limit period: 200ms
952: 12:01:27.461 - Limit per period: 52428 bytes
952: 12:01:27.461 - Max queued data for transmission per peer: 512000 bytes
952: 12:01:27.461 - Minimum retransmit timeout: 200
952: 12:01:27.461 - Minimum ENet timeout: 5000ms
952: 12:01:27.461 - Maximum ENet timeout: 30000ms
952: 12:01:27.461 - Max Inbound Reliable Data Queued (awaiting resends of earlier sequence numbers) per peer : 163840 bytes
952: 12:01:27.461 - Outbound ENet: MaxInboundMessageSize: 512000
952: 12:01:27.461 - Outbound ENet: MaxOutboundMessageSize: 512000
952: 12:01:27.502 - GetRuntime - About to load CLR - versions available:
952: 12:01:27.502 - v2.0.50727
952: 12:01:27.502 - v4.0.30319
952: 12:01:27.502 - Configuration requests: "v2.0.50727"
952: 12:01:27.502 - About to load version: "v2.0.50727"
952: 12:01:27.531 - About to load runtime: PhotonHostRuntime.PhotonDomainManager from PhotonHostRuntime, Culture=neutral, PublicKeyToken=02C301B61B060C4D
952: 12:01:27.531 - CLRBaseDirectory set to "E:\TaidouPhotonServer\deploy"
952: 12:01:27.531 - Optimising event broadcast for 20 or more peers
952: 12:01:27.556 - Start: About to load CLR - versions available:
952: 12:01:27.556 - v2.0.50727
952: 12:01:27.556 - v4.0.30319
952: 12:01:27.556 - No preference in configuration file, will load latest.
952: 12:01:27.556 - About to load version: "v4.0.30319"
952: 12:01:27.559 - Loaded version: "v4.0.30319"
952: 12:01:27.864 - Photon host runtime loaded
952: 12:01:32.551 - License is valid.
952: 12:01:32.551 - Licensed for 100 concurrent connections.
952: 12:01:32.551 - ENet: Max Reliable Data In Transit (awaiting ACKs) per peer : 51200 bytes
952: 12:01:32.551 - ENet: Per peer bandwidth limit
952: 12:01:32.551 - ENet: Transmit Rate Limit: 256 KB/Sec
952: 12:01:32.551 - ENet: Limit period: 200ms
952: 12:01:32.551 - ENet: Limit per period: 52428 bytes
952: 12:01:32.551 - ENet: Max queued data for transmission per peer: 512000 bytes
952: 12:01:32.551 - ENet: Minimum retransmit timeout: 200
952: 12:01:32.551 - ENet: Minimum timeout: 5000ms
952: 12:01:32.551 - ENet: Maximum timeout: 30000ms
952: 12:01:32.551 - ENet: Max Inbound Reliable Data Queued (awaiting resends of earlier sequence numbers) per peer : 163840 bytes
952: 12:01:32.551 - About to load application: Lite from Lite
952: 12:01:32.551 - Auto restart is enabled for application, existing connections will be terminated during restart
952: 12:01:32.551 - Application will restart 1000ms after the last change detected
952: 12:01:32.551 - Application will restart if files matching the following are changed: "dll;config"
952: 12:01:32.551 - Application will NOT restart if files matching the following are changed: "log4net.config"
952: 12:01:32.866 - Taking reference on default app domain
952: 12:01:33.089 - Application: "Lite" started in app domain: 2
952: 12:01:33.089 - About to load application: LiteLobby from LiteLobby
952: 12:01:33.089 - Auto restart is enabled for application, existing connections will be terminated during restart
952: 12:01:33.089 - Application will restart 1000ms after the last change detected
952: 12:01:33.089 - Application will restart if files matching the following are changed: "dll;config"
952: 12:01:33.089 - Application will NOT restart if files matching the following are changed: "log4net.config"
952: 12:01:33.300 - Taking reference on default app domain
952: 12:01:33.694 - Application: "LiteLobby" started in app domain: 3
952: 12:01:33.694 - About to load application: MmoDemo from Photon.MmoDemo.Server
952: 12:01:33.694 - Auto restart is enabled for application, existing connections will be terminated during restart
952: 12:01:33.694 - Application will restart 1000ms after the last change detected
952: 12:01:33.694 - Application will restart if files matching the following are changed: "dll;config"
952: 12:01:33.694 - Application will NOT restart if files matching the following are changed: "log4net.config"
952: 12:01:33.940 - Taking reference on default app domain
952: 12:01:34.157 - Application: "MmoDemo" started in app domain: 4
952: 12:01:34.157 - About to load application: CounterPublisher from CounterPublisher
952: 12:01:34.157 - Auto restart is enabled for application, existing connections will be terminated during restart
952: 12:01:34.157 - Application will restart 1000ms after the last change detected
952: 12:01:34.157 - Application will restart if files matching the following are changed: "dll;config"
952: 12:01:34.157 - Application will NOT restart if files matching the following are changed: "log4net.config"
952: 12:01:34.405 - Taking reference on default app domain
952: 12:01:34.658 - Application: "CounterPublisher" started in app domain: 5
952: 12:01:34.658 - About to load application: PhotonIntro from PhotonIntro
952: 12:01:34.658 - Auto restart is enabled for application, existing connections will be terminated during restart
952: 12:01:34.658 - Application will restart 1000ms after the last change detected
952: 12:01:34.658 - Application will restart if files matching the following are changed: "dll;config"
952: 12:01:34.658 - Application will NOT restart if files matching the following are changed: "log4net.config"
952: 12:01:34.699 - CService::OnException() - Exception: CManagedHost::CreateApplicationInNewAppDomain() - Failed to create new application domain for : "PhotonIntro" - Can't find PhotonIntro.dll in E:\TaidouPhotonServer\deploy\CounterPublisher\bin or E:\TaidouPhotonServer\deploy\PhotonIntro\bin
952: 12:01:34.699 - Server shutting down...
952: 12:01:34.699 - Shutdown monitoring enabled, 30000ms before process abort
952: 12:01:34.699 - Notifying CLR applications of shutdown...
952: 12:01:34.699 - RequestApplicationStop: 5
952: 12:01:34.724 - RequestApplicationStop: 2
952: 12:01:34.747 - RequestApplicationStop: 3
952: 12:01:34.765 - RequestApplicationStop: 4
952: 12:01:34.779 - RequestStop: defalt app domain
952: 12:01:34.786 - Shutting down WebSocket Outbound Connection Manager...
952: 12:01:34.793 - Shutting down TCP Outbound Connection Manager...
952: 12:01:34.802 - Shutting down ENet Outbound Connection Manager...
952: 12:01:34.802 - Disconnecting all outbound peers...
952: 12:01:34.802 - Shutting down ENet host...
952: 12:01:34.802 - Disconnecting all peers...
952: 12:01:34.802 - Shutting down socket servers...
952: 12:01:34.802 - Shutting down ENet thread pool...
952: 12:01:34.802 - Shutting down TCP inactivity timers...
952: 12:01:34.802 - Shutting down CLR applications...
5584: 12:01:34.807 - CManagedHost::OnDefaultAction() - OPR_AppDomainUnload - eUnloadAppDomain
952: 12:01:34.826 - Shutting down business logic thread pool...
952: 12:01:34.826 - Shutting down I/O thread pool...
952: 12:01:34.826 - Destroying servers
952: 12:01:34.826 - Destroying WebSocket Outbound Connection Manager
952: 12:01:34.826 - Destroying TCP Outbound Connection Manager
952: 12:01:34.826 - Destroying TCP inactivity timer
952: 12:01:34.826 - Destroying ENet timer wheel
952: 12:01:34.827 - Destroying ENet host
952: 12:01:34.827 - Destroying ENet outbound host
952: 12:01:34.827 - Destroying HTTP inactivity timer
952: 12:01:34.827 - Destroying HTTP host
952: 12:01:34.827 - Flushing ENET buffer allocator...
952: 12:01:34.827 - Flushing TCP buffer handle allocator...
952: 12:01:34.827 - Flushing stream socket allocator...
952: 12:01:34.827 - Flushing inbound datagram socket allocator...
952: 12:01:34.827 - Flushing outbound datagram socket allocator...
952: 12:01:34.827 - Destroying CLR dispatcher
952: 12:01:34.827 - Destroying CLR applications
2288: 12:01:34.828 - Unloading Domain: ApplicationName = 'CounterPublisher', DomainId='5'
5584: 12:01:34.828 - CManagedHost::OnDomainUnload() - 5
952: 12:01:34.853 - ~CCLRApplicationCollection() - Waiting up to 10 seconds for the CLR to release all of our objects
5584: 12:01:34.865 - CManagedHost::OnDefaultAction() - OPR_AppDomainUnload - eUnloadAppDomain
2288: 12:01:34.902 - Unloading Domain: ApplicationName = 'Lite', DomainId='2'
5584: 12:01:34.904 - CManagedHost::OnDomainUnload() - 2
5584: 12:01:34.906 - CManagedHost::OnDefaultAction() - OPR_AppDomainUnload - eUnloadAppDomain
2288: 12:01:34.922 - Unloading Domain: ApplicationName = 'LiteLobby', DomainId='3'
5584: 12:01:34.922 - CManagedHost::OnDomainUnload() - 3
5584: 12:01:34.922 - CManagedHost::OnDefaultAction() - OPR_AppDomainUnload - eUnloadAppDomain
2288: 12:01:34.937 - Unloading Domain: ApplicationName = 'MmoDemo', DomainId='4'
5584: 12:01:34.938 - CManagedHost::OnDomainUnload() - 4
952: 12:01:34.938 - ~CCLRApplicationCollection() - Done. All objects released
952: 12:01:34.938 - ~CManagedHost() - Release default app domain
952: 12:01:34.938 - CManagedHost::OnDomainUnload() - 1
952: 12:01:34.938 - ~CManagedHost() - Waiting up to 10 seconds for CLR shutdown...
952: 12:01:34.938 - ~CManagedHost
952: 12:01:34.938 - Destroying ENet thread pool
952: 12:01:34.938 - Destroying Business logic thread pool
952: 12:01:34.938 - Destroying I/O thread pool
952: 12:01:34.938 - Destroying ENet buffer allocator
952: 12:01:34.938 - Destroying TCP buffer allocator
952: 12:01:34.938 - Destroying TCP socket allocator
952: 12:01:34.938 - Destroying ENet inbound socket allocator
952: 12:01:34.938 - Destroying ENet outbound socket allocator
952: 12:01:34.938 - Shutdown complete...
952: 12:01:34.938 - Service shutting down
952: 12:01:34.940 - Service shut down complete
6268: 12:03:22.144 - ---
6268: 12:03:22.144 - Service: "Photon Socket Server" starting
6268: 12:03:22.145 - Config File: E:\TaidouPhotonServer\deploy\bin_Win64\PhotonServer.config
6268: 12:03:22.145 - Will produce at most: 10 crash dumps
6268: 12:03:22.145 - Action: run as exe
6268: 12:03:22.146 - Server Starting...
6268: 12:03:22.146 -    Tick count: 1046984 (wraps in: 49.6982 days)
6268: 12:03:22.146 - Tick count 64: 1046984
6268: 12:03:22.146 - Photon Version: 3.4.5.2597
6268: 12:03:22.146 - PID: 4120
6268: 12:03:22.146 - Config File: E:\TaidouPhotonServer\deploy\bin_Win64\PhotonServer.config
6268: 12:03:22.146 - Will NOT log unimportant exceptions
6268: 12:03:22.148 - Not using performance counters as they are not currently installed. Run the service with /InstallCounters to install them.
6268: 12:03:22.148 - Shutdown timeout enabled: 30000ms
6268: 12:03:22.148 - Starting I/O thread pool with 2 threads
6268: 12:03:22.148 - Using Standard allocator
6268: 12:03:22.148 - Max message size: 512000
6268: 12:03:22.148 - Starting business logic thread pool with the following settings
6268: 12:03:22.148 - InitialThreads: 4 threads
6268: 12:03:22.148 - MinThreads: 4 threads
6268: 12:03:22.148 - Thread pool is fixed size
6268: 12:03:22.148 - Starting ENet thread pool with the following settings
6268: 12:03:22.148 - InitialThreads: 2 threads
6268: 12:03:22.148 - MinThreads: 2 threads
6268: 12:03:22.148 - Thread pool is fixed size
6268: 12:03:22.148 - OnlyDispatchTimers: False
6268: 12:03:22.148 - S2S: flow control: Max pending writes: 50
6268: 12:03:22.148 - S2S: flow control: Max queued buffers: 200
6268: 12:03:22.148 - S2S: flow control: Max pending writes MUX: 500
6268: 12:03:22.148 - S2S: flow control: Max queued buffers MUX: 2000
6268: 12:03:22.148 - S2S: MaxInboundMessageSize: 512000
6268: 12:03:22.148 - S2S: MaxOutboundMessageSize: 512000
6268: 12:03:22.148 - S2S: No inactivity timeout
6268: 12:03:22.150 - WebSocket S2S: MaxInboundMessageSize: 512000
6268: 12:03:22.150 - WebSocket S2S: MaxOutboundMessageSize: 512000
6268: 12:03:22.150 - WebSocket S2S: No inactivity timeout
6268: 12:03:22.212 - Max Reliable Data In Transit (awaiting ACKs) per peer : 51200 bytes
6268: 12:03:22.212 - Per peer bandwidth limit
6268: 12:03:22.212 - Transmit Rate Limit: 256 KB/Sec
6268: 12:03:22.212 - Limit period: 200ms
6268: 12:03:22.212 - Limit per period: 52428 bytes
6268: 12:03:22.212 - Max queued data for transmission per peer: 512000 bytes
6268: 12:03:22.212 - Minimum retransmit timeout: 200
6268: 12:03:22.212 - Minimum ENet timeout: 5000ms
6268: 12:03:22.212 - Maximum ENet timeout: 30000ms
6268: 12:03:22.212 - Max Inbound Reliable Data Queued (awaiting resends of earlier sequence numbers) per peer : 163840 bytes
6268: 12:03:22.213 - Outbound ENet: MaxInboundMessageSize: 512000
6268: 12:03:22.213 - Outbound ENet: MaxOutboundMessageSize: 512000
6268: 12:03:22.214 - GetRuntime - About to load CLR - versions available:
6268: 12:03:22.214 - v2.0.50727
6268: 12:03:22.214 - v4.0.30319
6268: 12:03:22.214 - Configuration requests: "v2.0.50727"
6268: 12:03:22.214 - About to load version: "v2.0.50727"
6268: 12:03:22.216 - About to load runtime: PhotonHostRuntime.PhotonDomainManager from PhotonHostRuntime, Culture=neutral, PublicKeyToken=02C301B61B060C4D
6268: 12:03:22.216 - CLRBaseDirectory set to "E:\TaidouPhotonServer\deploy"
6268: 12:03:22.216 - Optimising event broadcast for 20 or more peers
6268: 12:03:22.217 - Start: About to load CLR - versions available:
6268: 12:03:22.217 - v2.0.50727
6268: 12:03:22.217 - v4.0.30319
6268: 12:03:22.217 - No preference in configuration file, will load latest.
6268: 12:03:22.217 - About to load version: "v4.0.30319"
6268: 12:03:22.218 - Loaded version: "v4.0.30319"
6268: 12:03:22.426 - Photon host runtime loaded
6268: 12:03:27.102 - License is valid.
6268: 12:03:27.102 - Licensed for 100 concurrent connections.
6268: 12:03:27.102 - ENet: Max Reliable Data In Transit (awaiting ACKs) per peer : 51200 bytes
6268: 12:03:27.102 - ENet: Per peer bandwidth limit
6268: 12:03:27.102 - ENet: Transmit Rate Limit: 256 KB/Sec
6268: 12:03:27.102 - ENet: Limit period: 200ms
6268: 12:03:27.102 - ENet: Limit per period: 52428 bytes
6268: 12:03:27.102 - ENet: Max queued data for transmission per peer: 512000 bytes
6268: 12:03:27.102 - ENet: Minimum retransmit timeout: 200
6268: 12:03:27.102 - ENet: Minimum timeout: 5000ms
6268: 12:03:27.102 - ENet: Maximum timeout: 30000ms
6268: 12:03:27.102 - ENet: Max Inbound Reliable Data Queued (awaiting resends of earlier sequence numbers) per peer : 163840 bytes
6268: 12:03:27.103 - About to load application: Lite from Lite
6268: 12:03:27.103 - Auto restart is enabled for application, existing connections will be terminated during restart
6268: 12:03:27.103 - Application will restart 1000ms after the last change detected
6268: 12:03:27.103 - Application will restart if files matching the following are changed: "dll;config"
6268: 12:03:27.103 - Application will NOT restart if files matching the following are changed: "log4net.config"
6268: 12:03:27.204 - Taking reference on default app domain
6268: 12:03:27.265 - Application: "Lite" started in app domain: 2
6268: 12:03:27.265 - About to load application: LiteLobby from LiteLobby
6268: 12:03:27.265 - Auto restart is enabled for application, existing connections will be terminated during restart
6268: 12:03:27.265 - Application will restart 1000ms after the last change detected
6268: 12:03:27.265 - Application will restart if files matching the following are changed: "dll;config"
6268: 12:03:27.265 - Application will NOT restart if files matching the following are changed: "log4net.config"
6268: 12:03:27.353 - Taking reference on default app domain
6268: 12:03:27.422 - Application: "LiteLobby" started in app domain: 3
6268: 12:03:27.422 - About to load application: MmoDemo from Photon.MmoDemo.Server
6268: 12:03:27.422 - Auto restart is enabled for application, existing connections will be terminated during restart
6268: 12:03:27.422 - Application will restart 1000ms after the last change detected
6268: 12:03:27.422 - Application will restart if files matching the following are changed: "dll;config"
6268: 12:03:27.422 - Application will NOT restart if files matching the following are changed: "log4net.config"
6268: 12:03:27.507 - Taking reference on default app domain
6268: 12:03:27.568 - Application: "MmoDemo" started in app domain: 4
6268: 12:03:27.568 - About to load application: CounterPublisher from CounterPublisher
6268: 12:03:27.568 - Auto restart is enabled for application, existing connections will be terminated during restart
6268: 12:03:27.568 - Application will restart 1000ms after the last change detected
6268: 12:03:27.568 - Application will restart if files matching the following are changed: "dll;config"
6268: 12:03:27.568 - Application will NOT restart if files matching the following are changed: "log4net.config"
6268: 12:03:27.654 - Taking reference on default app domain
6268: 12:03:27.713 - Application: "CounterPublisher" started in app domain: 5
6268: 12:03:27.713 - Adding TCP listener on :0.0.0.0: 4530 with a listen backlog of: 150
6268: 12:03:27.714 - TCP inactivity timeout: 10000ms
6268: 12:03:27.714 - TCP disconnect timeout: 120000ms
6268: 12:03:27.714 - MaxInboundMessageSize: 512000
6268: 12:03:27.714 - MaxOutboundMessageSize: 512000
6268: 12:03:27.714 - Serving policy file requests from: "E:\TaidouPhotonServer\deploy\Policy\assets\socket-policy.xml"
6268: 12:03:27.714 - MaxInboundMessageSize: 512000
6268: 12:03:27.714 - MaxOutboundMessageSize: 512000
6268: 12:03:27.714 - UDP address specified as:0.0.0.0 adding listener to each available IPv4 address
6268: 12:03:27.714 - Adding UDP listener on :192.168.199.232: 5055 with a listen backlog of: 500
6268: 12:03:27.714 - Adding UDP listener on :127.0.0.1: 5055 with a listen backlog of: 500
6268: 12:03:27.714 - Adding WebSocket TCP listener on :0.0.0.0: 9090 with a listen backlog of: 150
6268: 12:03:27.714 - Nagle disabled
6268: 12:03:27.714 - TCP inactivity timeout: 10000ms
6268: 12:03:27.714 - MaxInboundMessageSize: 512000
6268: 12:03:27.714 - MaxOutboundMessageSize: 512000
6268: 12:03:27.714 - Forcing all applications ids to: "Lite"
6268: 12:03:27.714 - Will accept ANY sub-protocols from the client
6268: 12:03:27.714 - No automatic WebSocket ping
6268: 12:03:27.715 - Adding Policy File listener on :0.0.0.0: 843 with a listen backlog of: 150 and serving Policy File: "E:\TaidouPhotonServer\deploy\Policy\assets\socket-policy.xml"
6268: 12:03:27.715 - TCP inactivity timeout: 10000ms
6268: 12:03:27.715 - Adding Policy File listener on :0.0.0.0: 943 with a listen backlog of: 150 and serving Policy File: "E:\TaidouPhotonServer\deploy\Policy\assets\socket-policy-silverlight.xml"
6268: 12:03:27.715 - TCP inactivity timeout: 10000ms
6268: 12:03:27.728 - Service is running...
6268: 12:05:39.714 - Service is stopped...
6268: 12:05:39.714 - Server shutting down...
6268: 12:05:39.714 - Shutdown monitoring enabled, 30000ms before process abort
6268: 12:05:39.714 - Notifying CLR applications of shutdown...
6268: 12:05:39.714 - RequestApplicationStop: 5
6268: 12:05:39.721 - RequestApplicationStop: 2
6268: 12:05:39.726 - RequestApplicationStop: 3
6268: 12:05:39.732 - RequestApplicationStop: 4
6268: 12:05:39.735 - RequestStop: defalt app domain
6268: 12:05:39.738 - Shutting down WebSocket Outbound Connection Manager...
6268: 12:05:39.738 - Shutting down TCP Outbound Connection Manager...
6268: 12:05:39.738 - Shutting down ENet Outbound Connection Manager...
6268: 12:05:39.738 - Disconnecting all outbound peers...
6268: 12:05:39.738 - Shutting down ENet host...
6268: 12:05:39.738 - Disconnecting all peers...
6268: 12:05:39.738 - Shutting down socket servers...
6268: 12:05:39.738 - Shutting down ENet thread pool...
6268: 12:05:39.738 - Shutting down TCP inactivity timers...
6268: 12:05:39.738 - WaitingForShutdownToComplete: NativePolicy:0.0.0.0:843
6268: 12:05:39.738 - OnShutdownCompleted: NativePolicy:0.0.0.0:843
6268: 12:05:39.738 - WaitingForShutdownToComplete: NativePolicy:0.0.0.0:943
6268: 12:05:39.738 - OnShutdownCompleted: NativePolicy:0.0.0.0:943
6268: 12:05:39.738 - WaitingForShutdownToComplete: TCP:0.0.0.0:4530
6268: 12:05:39.738 - OnShutdownCompleted: TCP:0.0.0.0:4530
6268: 12:05:39.738 - WaitingForShutdownToComplete: UDP:127.0.0.1:5055
6268: 12:05:39.738 - OnShutdownCompleted: UDP:127.0.0.1:5055
6268: 12:05:39.738 - WaitingForShutdownToComplete: UDP:192.168.199.232:5055
6268: 12:05:39.738 - OnShutdownCompleted: UDP:192.168.199.232:5055
6268: 12:05:39.738 - WaitingForShutdownToComplete: WebSocket:0.0.0.0:9090
6268: 12:05:39.738 - OnShutdownCompleted: WebSocket:0.0.0.0:9090
6268: 12:05:39.738 - Shutting down CLR applications...
3740: 12:05:39.746 - CManagedHost::OnDefaultAction() - OPR_AppDomainUnload - eUnloadAppDomain
6268: 12:05:39.760 - Shutting down business logic thread pool...
6268: 12:05:39.760 - Shutting down I/O thread pool...
6268: 12:05:39.760 - Destroying servers
6268: 12:05:39.760 - Destroying WebSocket Outbound Connection Manager
6268: 12:05:39.760 - Destroying TCP Outbound Connection Manager
6268: 12:05:39.760 - Destroying TCP inactivity timer
6268: 12:05:39.760 - Destroying ENet timer wheel
6268: 12:05:39.760 - Destroying ENet host
6268: 12:05:39.760 - Destroying ENet outbound host
6268: 12:05:39.760 - Destroying HTTP inactivity timer
6268: 12:05:39.760 - Destroying HTTP host
6268: 12:05:39.760 - Flushing ENET buffer allocator...
6268: 12:05:39.761 - Flushing TCP buffer handle allocator...
6268: 12:05:39.761 - Flushing stream socket allocator...
6268: 12:05:39.762 - Flushing inbound datagram socket allocator...
6268: 12:05:39.762 - Flushing outbound datagram socket allocator...
6268: 12:05:39.762 - Destroying CLR dispatcher
6268: 12:05:39.762 - Destroying CLR applications
6268: 12:05:39.762 - ~CCLRApplicationCollection() - Waiting up to 10 seconds for the CLR to release all of our objects
7212: 12:05:39.764 - Unloading Domain: ApplicationName = 'CounterPublisher', DomainId='5'
3740: 12:05:39.764 - CManagedHost::OnDomainUnload() - 5
3740: 12:05:39.772 - CManagedHost::OnDefaultAction() - OPR_AppDomainUnload - eUnloadAppDomain
7212: 12:05:39.789 - Unloading Domain: ApplicationName = 'Lite', DomainId='2'
3740: 12:05:39.789 - CManagedHost::OnDomainUnload() - 2
3740: 12:05:39.791 - CManagedHost::OnDefaultAction() - OPR_AppDomainUnload - eUnloadAppDomain
7212: 12:05:39.808 - Unloading Domain: ApplicationName = 'LiteLobby', DomainId='3'
3740: 12:05:39.808 - CManagedHost::OnDomainUnload() - 3
3740: 12:05:39.811 - CManagedHost::OnDefaultAction() - OPR_AppDomainUnload - eUnloadAppDomain
7212: 12:05:39.820 - Unloading Domain: ApplicationName = 'MmoDemo', DomainId='4'
3740: 12:05:39.820 - CManagedHost::OnDomainUnload() - 4
6268: 12:05:39.821 - ~CCLRApplicationCollection() - Done. All objects released
6268: 12:05:39.821 - ~CManagedHost() - Release default app domain
6268: 12:05:39.821 - CManagedHost::OnDomainUnload() - 1
6268: 12:05:39.821 - ~CManagedHost() - Waiting up to 10 seconds for CLR shutdown...
6268: 12:05:39.821 - ~CManagedHost
6268: 12:05:39.821 - Destroying ENet thread pool
6268: 12:05:39.821 - Destroying Business logic thread pool
6268: 12:05:39.821 - Destroying I/O thread pool
6268: 12:05:39.821 - Destroying ENet buffer allocator
6268: 12:05:39.821 - Destroying TCP buffer allocator
6268: 12:05:39.821 - Destroying TCP socket allocator
6268: 12:05:39.821 - Destroying ENet inbound socket allocator
6268: 12:05:39.821 - Destroying ENet outbound socket allocator
6268: 12:05:39.821 - Shutdown complete...
6268: 12:05:39.821 - Service shutting down
6268: 12:05:39.822 - Service shut down complete
3316: 12:05:52.389 - ---
3316: 12:05:52.389 - Service: "Photon Socket Server" starting
3316: 12:05:52.389 - Config File: E:\TaidouPhotonServer\deploy\bin_Win64\PhotonServer.config
3316: 12:05:52.390 - Will produce at most: 10 crash dumps
3316: 12:05:52.390 - Action: run as exe
3316: 12:05:52.390 - Server Starting...
3316: 12:05:52.390 -    Tick count: 1197234 (wraps in: 49.6964 days)
3316: 12:05:52.390 - Tick count 64: 1197234
3316: 12:05:52.390 - Photon Version: 3.4.5.2597
3316: 12:05:52.390 - PID: 1972
3316: 12:05:52.391 - Config File: E:\TaidouPhotonServer\deploy\bin_Win64\PhotonServer.config
3316: 12:05:52.391 - Will NOT log unimportant exceptions
3316: 12:05:52.392 - Not using performance counters as they are not currently installed. Run the service with /InstallCounters to install them.
3316: 12:05:52.392 - Shutdown timeout enabled: 30000ms
3316: 12:05:52.392 - Starting I/O thread pool with 2 threads
3316: 12:05:52.392 - Using Standard allocator
3316: 12:05:52.392 - Max message size: 512000
3316: 12:05:52.392 - Starting business logic thread pool with the following settings
3316: 12:05:52.392 - InitialThreads: 4 threads
3316: 12:05:52.392 - MinThreads: 4 threads
3316: 12:05:52.392 - Thread pool is fixed size
3316: 12:05:52.392 - Starting ENet thread pool with the following settings
3316: 12:05:52.392 - InitialThreads: 2 threads
3316: 12:05:52.392 - MinThreads: 2 threads
3316: 12:05:52.392 - Thread pool is fixed size
3316: 12:05:52.392 - OnlyDispatchTimers: False
3316: 12:05:52.392 - S2S: flow control: Max pending writes: 50
3316: 12:05:52.393 - S2S: flow control: Max queued buffers: 200
3316: 12:05:52.393 - S2S: flow control: Max pending writes MUX: 500
3316: 12:05:52.393 - S2S: flow control: Max queued buffers MUX: 2000
3316: 12:05:52.393 - S2S: MaxInboundMessageSize: 512000
3316: 12:05:52.393 - S2S: MaxOutboundMessageSize: 512000
3316: 12:05:52.393 - S2S: No inactivity timeout
3316: 12:05:52.394 - WebSocket S2S: MaxInboundMessageSize: 512000
3316: 12:05:52.394 - WebSocket S2S: MaxOutboundMessageSize: 512000
3316: 12:05:52.394 - WebSocket S2S: No inactivity timeout
3316: 12:05:52.394 - Max Reliable Data In Transit (awaiting ACKs) per peer : 51200 bytes
3316: 12:05:52.394 - Per peer bandwidth limit
3316: 12:05:52.394 - Transmit Rate Limit: 256 KB/Sec
3316: 12:05:52.394 - Limit period: 200ms
3316: 12:05:52.394 - Limit per period: 52428 bytes
3316: 12:05:52.394 - Max queued data for transmission per peer: 512000 bytes
3316: 12:05:52.394 - Minimum retransmit timeout: 200
3316: 12:05:52.394 - Minimum ENet timeout: 5000ms
3316: 12:05:52.394 - Maximum ENet timeout: 30000ms
3316: 12:05:52.394 - Max Inbound Reliable Data Queued (awaiting resends of earlier sequence numbers) per peer : 163840 bytes
3316: 12:05:52.394 - Outbound ENet: MaxInboundMessageSize: 512000
3316: 12:05:52.394 - Outbound ENet: MaxOutboundMessageSize: 512000
3316: 12:05:52.395 - GetRuntime - About to load CLR - versions available:
3316: 12:05:52.395 - v2.0.50727
3316: 12:05:52.395 - v4.0.30319
3316: 12:05:52.395 - Configuration requests: "v2.0.50727"
3316: 12:05:52.395 - About to load version: "v2.0.50727"
3316: 12:05:52.397 - About to load runtime: PhotonHostRuntime.PhotonDomainManager from PhotonHostRuntime, Culture=neutral, PublicKeyToken=02C301B61B060C4D
3316: 12:05:52.397 - CLRBaseDirectory set to "E:\TaidouPhotonServer\deploy"
3316: 12:05:52.397 - Optimising event broadcast for 20 or more peers
3316: 12:05:52.398 - Start: About to load CLR - versions available:
3316: 12:05:52.398 - v2.0.50727
3316: 12:05:52.398 - v4.0.30319
3316: 12:05:52.398 - No preference in configuration file, will load latest.
3316: 12:05:52.398 - About to load version: "v4.0.30319"
3316: 12:05:52.399 - Loaded version: "v4.0.30319"
3316: 12:05:52.604 - Photon host runtime loaded
3316: 12:05:57.347 - License is valid.
3316: 12:05:57.347 - Licensed for 100 concurrent connections.
3316: 12:05:57.347 - ENet: Max Reliable Data In Transit (awaiting ACKs) per peer : 51200 bytes
3316: 12:05:57.347 - ENet: Per peer bandwidth limit
3316: 12:05:57.347 - ENet: Transmit Rate Limit: 256 KB/Sec
3316: 12:05:57.347 - ENet: Limit period: 200ms
3316: 12:05:57.347 - ENet: Limit per period: 52428 bytes
3316: 12:05:57.347 - ENet: Max queued data for transmission per peer: 512000 bytes
3316: 12:05:57.347 - ENet: Minimum retransmit timeout: 200
3316: 12:05:57.347 - ENet: Minimum timeout: 5000ms
3316: 12:05:57.347 - ENet: Maximum timeout: 30000ms
3316: 12:05:57.347 - ENet: Max Inbound Reliable Data Queued (awaiting resends of earlier sequence numbers) per peer : 163840 bytes
3316: 12:05:57.347 - About to load application: Lite from Lite
3316: 12:05:57.347 - Auto restart is enabled for application, existing connections will be terminated during restart
3316: 12:05:57.348 - Application will restart 1000ms after the last change detected
3316: 12:05:57.348 - Application will restart if files matching the following are changed: "dll;config"
3316: 12:05:57.348 - Application will NOT restart if files matching the following are changed: "log4net.config"
3316: 12:05:57.446 - Taking reference on default app domain
3316: 12:05:57.504 - Application: "Lite" started in app domain: 2
3316: 12:05:57.504 - About to load application: LiteLobby from LiteLobby
3316: 12:05:57.504 - Auto restart is enabled for application, existing connections will be terminated during restart
3316: 12:05:57.504 - Application will restart 1000ms after the last change detected
3316: 12:05:57.504 - Application will restart if files matching the following are changed: "dll;config"
3316: 12:05:57.504 - Application will NOT restart if files matching the following are changed: "log4net.config"
3316: 12:05:57.589 - Taking reference on default app domain
3316: 12:05:57.660 - Application: "LiteLobby" started in app domain: 3
3316: 12:05:57.660 - About to load application: MmoDemo from Photon.MmoDemo.Server
3316: 12:05:57.660 - Auto restart is enabled for application, existing connections will be terminated during restart
3316: 12:05:57.661 - Application will restart 1000ms after the last change detected
3316: 12:05:57.661 - Application will restart if files matching the following are changed: "dll;config"
3316: 12:05:57.661 - Application will NOT restart if files matching the following are changed: "log4net.config"
3316: 12:05:57.747 - Taking reference on default app domain
3316: 12:05:57.810 - Application: "MmoDemo" started in app domain: 4
3316: 12:05:57.810 - About to load application: CounterPublisher from CounterPublisher
3316: 12:05:57.810 - Auto restart is enabled for application, existing connections will be terminated during restart
3316: 12:05:57.810 - Application will restart 1000ms after the last change detected
3316: 12:05:57.810 - Application will restart if files matching the following are changed: "dll;config"
3316: 12:05:57.810 - Application will NOT restart if files matching the following are changed: "log4net.config"
3316: 12:05:57.897 - Taking reference on default app domain
3316: 12:05:57.956 - Application: "CounterPublisher" started in app domain: 5
3316: 12:05:57.956 - About to load application: ChatServer from ChatServer
3316: 12:05:57.956 - Auto restart is enabled for application, existing connections will be terminated during restart
3316: 12:05:57.956 - Application will restart 1000ms after the last change detected
3316: 12:05:57.956 - Application will restart if files matching the following are changed: "dll;config"
3316: 12:05:57.956 - Application will NOT restart if files matching the following are changed: "log4net.config"
3316: 12:05:58.070 - Taking reference on default app domain
3316: 12:05:58.199 - Application: "ChatServer" started in app domain: 6
3316: 12:05:58.199 - Adding TCP listener on :0.0.0.0: 4530 with a listen backlog of: 150
3316: 12:05:58.199 - TCP inactivity timeout: 10000ms
3316: 12:05:58.199 - TCP disconnect timeout: 120000ms
3316: 12:05:58.199 - MaxInboundMessageSize: 512000
3316: 12:05:58.199 - MaxOutboundMessageSize: 512000
3316: 12:05:58.199 - Serving policy file requests from: "E:\TaidouPhotonServer\deploy\Policy\assets\socket-policy.xml"
3316: 12:05:58.199 - MaxInboundMessageSize: 512000
3316: 12:05:58.199 - MaxOutboundMessageSize: 512000
3316: 12:05:58.199 - UDP address specified as:0.0.0.0 adding listener to each available IPv4 address
3316: 12:05:58.199 - Adding UDP listener on :192.168.199.232: 5055 with a listen backlog of: 500
3316: 12:05:58.199 - Adding UDP listener on :127.0.0.1: 5055 with a listen backlog of: 500
3316: 12:05:58.199 - Adding WebSocket TCP listener on :0.0.0.0: 9090 with a listen backlog of: 150
3316: 12:05:58.199 - Nagle disabled
3316: 12:05:58.199 - TCP inactivity timeout: 10000ms
3316: 12:05:58.199 - MaxInboundMessageSize: 512000
3316: 12:05:58.199 - MaxOutboundMessageSize: 512000
3316: 12:05:58.199 - Forcing all applications ids to: "Lite"
3316: 12:05:58.199 - Will accept ANY sub-protocols from the client
3316: 12:05:58.199 - No automatic WebSocket ping
3316: 12:05:58.200 - Adding Policy File listener on :0.0.0.0: 843 with a listen backlog of: 150 and serving Policy File: "E:\TaidouPhotonServer\deploy\Policy\assets\socket-policy.xml"
3316: 12:05:58.200 - TCP inactivity timeout: 10000ms
3316: 12:05:58.200 - Adding Policy File listener on :0.0.0.0: 943 with a listen backlog of: 150 and serving Policy File: "E:\TaidouPhotonServer\deploy\Policy\assets\socket-policy-silverlight.xml"
3316: 12:05:58.200 - TCP inactivity timeout: 10000ms
3316: 12:05:58.213 - Service is running...
3316: 12:06:42.076 - Service is stopped...
3316: 12:06:42.076 - Server shutting down...
3316: 12:06:42.076 - Shutdown monitoring enabled, 30000ms before process abort
3316: 12:06:42.076 - Notifying CLR applications of shutdown...
3316: 12:06:42.076 - RequestApplicationStop: 6
3316: 12:06:42.081 - RequestApplicationStop: 5
3316: 12:06:42.087 - RequestApplicationStop: 2
3316: 12:06:42.092 - RequestApplicationStop: 3
3316: 12:06:42.097 - RequestApplicationStop: 4
3316: 12:06:42.100 - RequestStop: defalt app domain
3316: 12:06:42.103 - Shutting down WebSocket Outbound Connection Manager...
3316: 12:06:42.103 - Shutting down TCP Outbound Connection Manager...
3316: 12:06:42.103 - Shutting down ENet Outbound Connection Manager...
3316: 12:06:42.103 - Disconnecting all outbound peers...
3316: 12:06:42.103 - Shutting down ENet host...
3316: 12:06:42.103 - Disconnecting all peers...
3316: 12:06:42.103 - Shutting down socket servers...
3316: 12:06:42.103 - Shutting down ENet thread pool...
3316: 12:06:42.103 - Shutting down TCP inactivity timers...
3316: 12:06:42.103 - WaitingForShutdownToComplete: NativePolicy:0.0.0.0:843
3316: 12:06:42.103 - OnShutdownCompleted: NativePolicy:0.0.0.0:843
3316: 12:06:42.103 - WaitingForShutdownToComplete: NativePolicy:0.0.0.0:943
3316: 12:06:42.103 - OnShutdownCompleted: NativePolicy:0.0.0.0:943
3316: 12:06:42.103 - WaitingForShutdownToComplete: TCP:0.0.0.0:4530
3316: 12:06:42.103 - OnShutdownCompleted: TCP:0.0.0.0:4530
3316: 12:06:42.103 - WaitingForShutdownToComplete: UDP:127.0.0.1:5055
3316: 12:06:42.103 - OnShutdownCompleted: UDP:127.0.0.1:5055
3316: 12:06:42.103 - WaitingForShutdownToComplete: UDP:192.168.199.232:5055
3316: 12:06:42.103 - OnShutdownCompleted: UDP:192.168.199.232:5055
3316: 12:06:42.103 - WaitingForShutdownToComplete: WebSocket:0.0.0.0:9090
3316: 12:06:42.103 - OnShutdownCompleted: WebSocket:0.0.0.0:9090
3316: 12:06:42.103 - Shutting down CLR applications...
3584: 12:06:42.107 - CManagedHost::OnDefaultAction() - OPR_AppDomainUnload - eUnloadAppDomain
6016: 12:06:42.119 - Unloading Domain: ApplicationName = 'ChatServer', DomainId='6'
3584: 12:06:42.119 - CManagedHost::OnDomainUnload() - 6
3316: 12:06:42.128 - Shutting down business logic thread pool...
3316: 12:06:42.129 - Shutting down I/O thread pool...
3316: 12:06:42.129 - Destroying servers
3316: 12:06:42.129 - Destroying WebSocket Outbound Connection Manager
3316: 12:06:42.129 - Destroying TCP Outbound Connection Manager
3316: 12:06:42.129 - Destroying TCP inactivity timer
3316: 12:06:42.129 - Destroying ENet timer wheel
3316: 12:06:42.129 - Destroying ENet host
3316: 12:06:42.129 - Destroying ENet outbound host
3316: 12:06:42.129 - Destroying HTTP inactivity timer
3316: 12:06:42.129 - Destroying HTTP host
3316: 12:06:42.129 - Flushing ENET buffer allocator...
3316: 12:06:42.130 - Flushing TCP buffer handle allocator...
3316: 12:06:42.130 - Flushing stream socket allocator...
3316: 12:06:42.130 - Flushing inbound datagram socket allocator...
3316: 12:06:42.131 - Flushing outbound datagram socket allocator...
3316: 12:06:42.131 - Destroying CLR dispatcher
3316: 12:06:42.131 - Destroying CLR applications
3316: 12:06:42.131 - ~CCLRApplicationCollection() - Waiting up to 10 seconds for the CLR to release all of our objects
3584: 12:06:42.132 - CManagedHost::OnDefaultAction() - OPR_AppDomainUnload - eUnloadAppDomain
6016: 12:06:42.148 - Unloading Domain: ApplicationName = 'Lite', DomainId='2'
3584: 12:06:42.148 - CManagedHost::OnDomainUnload() - 2
3584: 12:06:42.151 - CManagedHost::OnDefaultAction() - OPR_AppDomainUnload - eUnloadAppDomain
6016: 12:06:42.168 - Unloading Domain: ApplicationName = 'LiteLobby', DomainId='3'
3584: 12:06:42.168 - CManagedHost::OnDomainUnload() - 3
3584: 12:06:42.170 - CManagedHost::OnDefaultAction() - OPR_AppDomainUnload - eUnloadAppDomain
6016: 12:06:42.195 - Unloading Domain: ApplicationName = 'MmoDemo', DomainId='4'
3584: 12:06:42.195 - CManagedHost::OnDomainUnload() - 4
3584: 12:06:42.197 - CManagedHost::OnDefaultAction() - OPR_AppDomainUnload - eUnloadAppDomain
6016: 12:06:42.212 - Unloading Domain: ApplicationName = 'CounterPublisher', DomainId='5'
3584: 12:06:42.213 - CManagedHost::OnDomainUnload() - 5
3316: 12:06:42.215 - ~CCLRApplicationCollection() - Done. All objects released
3316: 12:06:42.215 - ~CManagedHost() - Release default app domain
3316: 12:06:42.215 - CManagedHost::OnDomainUnload() - 1
3316: 12:06:42.215 - ~CManagedHost() - Waiting up to 10 seconds for CLR shutdown...
3316: 12:06:42.215 - ~CManagedHost
3316: 12:06:42.215 - Destroying ENet thread pool
3316: 12:06:42.215 - Destroying Business logic thread pool
3316: 12:06:42.215 - Destroying I/O thread pool
3316: 12:06:42.215 - Destroying ENet buffer allocator
3316: 12:06:42.215 - Destroying TCP buffer allocator
3316: 12:06:42.215 - Destroying TCP socket allocator
3316: 12:06:42.215 - Destroying ENet inbound socket allocator
3316: 12:06:42.215 - Destroying ENet outbound socket allocator
3316: 12:06:42.215 - Shutdown complete...
3316: 12:06:42.215 - Service shutting down
3316: 12:06:42.216 - Service shut down complete
6352: 12:07:05.614 - ---
6352: 12:07:05.614 - Service: "Photon Socket Server" starting
6352: 12:07:05.614 - Config File: E:\TaidouPhotonServer\deploy\bin_Win64\PhotonServer.config
6352: 12:07:05.615 - Will produce at most: 10 crash dumps
6352: 12:07:05.615 - Action: run as exe
6352: 12:07:05.615 - Server Starting...
6352: 12:07:05.615 -    Tick count: 1270453 (wraps in: 49.6956 days)
6352: 12:07:05.615 - Tick count 64: 1270453
6352: 12:07:05.615 - Photon Version: 3.4.5.2597
6352: 12:07:05.615 - PID: 2580
6352: 12:07:05.615 - Config File: E:\TaidouPhotonServer\deploy\bin_Win64\PhotonServer.config
6352: 12:07:05.615 - Will NOT log unimportant exceptions
6352: 12:07:05.616 - Not using performance counters as they are not currently installed. Run the service with /InstallCounters to install them.
6352: 12:07:05.616 - Shutdown timeout enabled: 30000ms
6352: 12:07:05.617 - Starting I/O thread pool with 2 threads
6352: 12:07:05.617 - Using Standard allocator
6352: 12:07:05.617 - Max message size: 512000
6352: 12:07:05.617 - Starting business logic thread pool with the following settings
6352: 12:07:05.617 - InitialThreads: 4 threads
6352: 12:07:05.617 - MinThreads: 4 threads
6352: 12:07:05.617 - Thread pool is fixed size
6352: 12:07:05.617 - Starting ENet thread pool with the following settings
6352: 12:07:05.617 - InitialThreads: 2 threads
6352: 12:07:05.617 - MinThreads: 2 threads
6352: 12:07:05.617 - Thread pool is fixed size
6352: 12:07:05.617 - OnlyDispatchTimers: False
6352: 12:07:05.617 - S2S: flow control: Max pending writes: 50
6352: 12:07:05.617 - S2S: flow control: Max queued buffers: 200
6352: 12:07:05.617 - S2S: flow control: Max pending writes MUX: 500
6352: 12:07:05.617 - S2S: flow control: Max queued buffers MUX: 2000
6352: 12:07:05.617 - S2S: MaxInboundMessageSize: 512000
6352: 12:07:05.617 - S2S: MaxOutboundMessageSize: 512000
6352: 12:07:05.617 - S2S: No inactivity timeout
6352: 12:07:05.618 - WebSocket S2S: MaxInboundMessageSize: 512000
6352: 12:07:05.618 - WebSocket S2S: MaxOutboundMessageSize: 512000
6352: 12:07:05.618 - WebSocket S2S: No inactivity timeout
6352: 12:07:05.619 - Max Reliable Data In Transit (awaiting ACKs) per peer : 51200 bytes
6352: 12:07:05.619 - Per peer bandwidth limit
6352: 12:07:05.619 - Transmit Rate Limit: 256 KB/Sec
6352: 12:07:05.619 - Limit period: 200ms
6352: 12:07:05.619 - Limit per period: 52428 bytes
6352: 12:07:05.619 - Max queued data for transmission per peer: 512000 bytes
6352: 12:07:05.619 - Minimum retransmit timeout: 200
6352: 12:07:05.619 - Minimum ENet timeout: 5000ms
6352: 12:07:05.619 - Maximum ENet timeout: 30000ms
6352: 12:07:05.619 - Max Inbound Reliable Data Queued (awaiting resends of earlier sequence numbers) per peer : 163840 bytes
6352: 12:07:05.619 - Outbound ENet: MaxInboundMessageSize: 512000
6352: 12:07:05.619 - Outbound ENet: MaxOutboundMessageSize: 512000
6352: 12:07:05.619 - GetRuntime - About to load CLR - versions available:
6352: 12:07:05.619 - v2.0.50727
6352: 12:07:05.619 - v4.0.30319
6352: 12:07:05.619 - Configuration requests: "v2.0.50727"
6352: 12:07:05.619 - About to load version: "v2.0.50727"
6352: 12:07:05.622 - About to load runtime: PhotonHostRuntime.PhotonDomainManager from PhotonHostRuntime, Culture=neutral, PublicKeyToken=02C301B61B060C4D
6352: 12:07:05.622 - CLRBaseDirectory set to "E:\TaidouPhotonServer\deploy"
6352: 12:07:05.622 - Optimising event broadcast for 20 or more peers
6352: 12:07:05.622 - Start: About to load CLR - versions available:
6352: 12:07:05.622 - v2.0.50727
6352: 12:07:05.622 - v4.0.30319
6352: 12:07:05.622 - No preference in configuration file, will load latest.
6352: 12:07:05.622 - About to load version: "v4.0.30319"
6352: 12:07:05.623 - Loaded version: "v4.0.30319"
6352: 12:07:05.835 - Photon host runtime loaded
6352: 12:07:10.763 - License is valid.
6352: 12:07:10.763 - Licensed for 100 concurrent connections.
6352: 12:07:10.763 - ENet: Max Reliable Data In Transit (awaiting ACKs) per peer : 51200 bytes
6352: 12:07:10.763 - ENet: Per peer bandwidth limit
6352: 12:07:10.763 - ENet: Transmit Rate Limit: 256 KB/Sec
6352: 12:07:10.763 - ENet: Limit period: 200ms
6352: 12:07:10.763 - ENet: Limit per period: 52428 bytes
6352: 12:07:10.763 - ENet: Max queued data for transmission per peer: 512000 bytes
6352: 12:07:10.763 - ENet: Minimum retransmit timeout: 200
6352: 12:07:10.763 - ENet: Minimum timeout: 5000ms
6352: 12:07:10.763 - ENet: Maximum timeout: 30000ms
6352: 12:07:10.763 - ENet: Max Inbound Reliable Data Queued (awaiting resends of earlier sequence numbers) per peer : 163840 bytes
6352: 12:07:10.763 - About to load application: Lite from Lite
6352: 12:07:10.763 - Auto restart is enabled for application, existing connections will be terminated during restart
6352: 12:07:10.763 - Application will restart 1000ms after the last change detected
6352: 12:07:10.763 - Application will restart if files matching the following are changed: "dll;config"
6352: 12:07:10.763 - Application will NOT restart if files matching the following are changed: "log4net.config"
6352: 12:07:10.866 - Taking reference on default app domain
6352: 12:07:10.925 - Application: "Lite" started in app domain: 2
6352: 12:07:10.925 - About to load application: ChatServer from ChatServer
6352: 12:07:10.925 - Auto restart is enabled for application, existing connections will be terminated during restart
6352: 12:07:10.925 - Application will restart 1000ms after the last change detected
6352: 12:07:10.925 - Application will restart if files matching the following are changed: "dll;config"
6352: 12:07:10.925 - Application will NOT restart if files matching the following are changed: "log4net.config"
6352: 12:07:11.013 - Taking reference on default app domain
6352: 12:07:11.069 - Application: "ChatServer" started in app domain: 3
6352: 12:07:11.069 - About to load application: LiteLobby from LiteLobby
6352: 12:07:11.069 - Auto restart is enabled for application, existing connections will be terminated during restart
6352: 12:07:11.069 - Application will restart 1000ms after the last change detected
6352: 12:07:11.069 - Application will restart if files matching the following are changed: "dll;config"
6352: 12:07:11.069 - Application will NOT restart if files matching the following are changed: "log4net.config"
6352: 12:07:11.155 - Taking reference on default app domain
6352: 12:07:11.225 - Application: "LiteLobby" started in app domain: 4
6352: 12:07:11.225 - About to load application: MmoDemo from Photon.MmoDemo.Server
6352: 12:07:11.225 - Auto restart is enabled for application, existing connections will be terminated during restart
6352: 12:07:11.225 - Application will restart 1000ms after the last change detected
6352: 12:07:11.225 - Application will restart if files matching the following are changed: "dll;config"
6352: 12:07:11.225 - Application will NOT restart if files matching the following are changed: "log4net.config"
6352: 12:07:11.317 - Taking reference on default app domain
6352: 12:07:11.378 - Application: "MmoDemo" started in app domain: 5
6352: 12:07:11.378 - About to load application: CounterPublisher from CounterPublisher
6352: 12:07:11.378 - Auto restart is enabled for application, existing connections will be terminated during restart
6352: 12:07:11.378 - Application will restart 1000ms after the last change detected
6352: 12:07:11.378 - Application will restart if files matching the following are changed: "dll;config"
6352: 12:07:11.378 - Application will NOT restart if files matching the following are changed: "log4net.config"
6352: 12:07:11.464 - Taking reference on default app domain
6352: 12:07:11.530 - Application: "CounterPublisher" started in app domain: 6
6352: 12:07:11.530 - Adding TCP listener on :0.0.0.0: 4530 with a listen backlog of: 150
6352: 12:07:11.530 - TCP inactivity timeout: 10000ms
6352: 12:07:11.530 - TCP disconnect timeout: 120000ms
6352: 12:07:11.530 - MaxInboundMessageSize: 512000
6352: 12:07:11.530 - MaxOutboundMessageSize: 512000
6352: 12:07:11.530 - Serving policy file requests from: "E:\TaidouPhotonServer\deploy\Policy\assets\socket-policy.xml"
6352: 12:07:11.530 - MaxInboundMessageSize: 512000
6352: 12:07:11.530 - MaxOutboundMessageSize: 512000
6352: 12:07:11.530 - UDP address specified as:0.0.0.0 adding listener to each available IPv4 address
6352: 12:07:11.531 - Adding UDP listener on :192.168.199.232: 5055 with a listen backlog of: 500
6352: 12:07:11.531 - Adding UDP listener on :127.0.0.1: 5055 with a listen backlog of: 500
6352: 12:07:11.531 - Adding WebSocket TCP listener on :0.0.0.0: 9090 with a listen backlog of: 150
6352: 12:07:11.531 - Nagle disabled
6352: 12:07:11.531 - TCP inactivity timeout: 10000ms
6352: 12:07:11.531 - MaxInboundMessageSize: 512000
6352: 12:07:11.531 - MaxOutboundMessageSize: 512000
6352: 12:07:11.531 - Forcing all applications ids to: "Lite"
6352: 12:07:11.531 - Will accept ANY sub-protocols from the client
6352: 12:07:11.531 - No automatic WebSocket ping
6352: 12:07:11.531 - Adding Policy File listener on :0.0.0.0: 843 with a listen backlog of: 150 and serving Policy File: "E:\TaidouPhotonServer\deploy\Policy\assets\socket-policy.xml"
6352: 12:07:11.531 - TCP inactivity timeout: 10000ms
6352: 12:07:11.531 - Adding Policy File listener on :0.0.0.0: 943 with a listen backlog of: 150 and serving Policy File: "E:\TaidouPhotonServer\deploy\Policy\assets\socket-policy-silverlight.xml"
6352: 12:07:11.531 - TCP inactivity timeout: 10000ms
6352: 12:07:11.547 - Service is running...
6352: 12:07:23.106 - Service is stopped...
6352: 12:07:23.106 - Server shutting down...
6352: 12:07:23.106 - Shutdown monitoring enabled, 30000ms before process abort
6352: 12:07:23.106 - Notifying CLR applications of shutdown...
6352: 12:07:23.106 - RequestApplicationStop: 3
6352: 12:07:23.110 - RequestApplicationStop: 6
6352: 12:07:23.116 - RequestApplicationStop: 2
6352: 12:07:23.120 - RequestApplicationStop: 4
6352: 12:07:23.126 - RequestApplicationStop: 5
6352: 12:07:23.130 - RequestStop: defalt app domain
6352: 12:07:23.133 - Shutting down WebSocket Outbound Connection Manager...
6352: 12:07:23.133 - Shutting down TCP Outbound Connection Manager...
6352: 12:07:23.133 - Shutting down ENet Outbound Connection Manager...
6352: 12:07:23.133 - Disconnecting all outbound peers...
6352: 12:07:23.133 - Shutting down ENet host...
6352: 12:07:23.133 - Disconnecting all peers...
6352: 12:07:23.133 - Shutting down socket servers...
6352: 12:07:23.133 - Shutting down ENet thread pool...
6352: 12:07:23.133 - Shutting down TCP inactivity timers...
6352: 12:07:23.133 - WaitingForShutdownToComplete: NativePolicy:0.0.0.0:843
6352: 12:07:23.133 - OnShutdownCompleted: NativePolicy:0.0.0.0:843
6352: 12:07:23.133 - WaitingForShutdownToComplete: NativePolicy:0.0.0.0:943
6352: 12:07:23.133 - OnShutdownCompleted: NativePolicy:0.0.0.0:943
6352: 12:07:23.133 - WaitingForShutdownToComplete: TCP:0.0.0.0:4530
6352: 12:07:23.133 - OnShutdownCompleted: TCP:0.0.0.0:4530
6352: 12:07:23.133 - WaitingForShutdownToComplete: UDP:127.0.0.1:5055
6352: 12:07:23.133 - OnShutdownCompleted: UDP:127.0.0.1:5055
6352: 12:07:23.133 - WaitingForShutdownToComplete: UDP:192.168.199.232:5055
6352: 12:07:23.133 - OnShutdownCompleted: UDP:192.168.199.232:5055
6352: 12:07:23.133 - WaitingForShutdownToComplete: WebSocket:0.0.0.0:9090
6352: 12:07:23.133 - OnShutdownCompleted: WebSocket:0.0.0.0:9090
6352: 12:07:23.133 - Shutting down CLR applications...
4920: 12:07:23.136 - CManagedHost::OnDefaultAction() - OPR_AppDomainUnload - eUnloadAppDomain
2532: 12:07:23.148 - Unloading Domain: ApplicationName = 'ChatServer', DomainId='3'
4920: 12:07:23.148 - CManagedHost::OnDomainUnload() - 3
6352: 12:07:23.155 - Shutting down business logic thread pool...
6352: 12:07:23.155 - Shutting down I/O thread pool...
6352: 12:07:23.155 - Destroying servers
6352: 12:07:23.155 - Destroying WebSocket Outbound Connection Manager
6352: 12:07:23.155 - Destroying TCP Outbound Connection Manager
6352: 12:07:23.155 - Destroying TCP inactivity timer
6352: 12:07:23.155 - Destroying ENet timer wheel
6352: 12:07:23.155 - Destroying ENet host
6352: 12:07:23.155 - Destroying ENet outbound host
6352: 12:07:23.155 - Destroying HTTP inactivity timer
6352: 12:07:23.155 - Destroying HTTP host
6352: 12:07:23.155 - Flushing ENET buffer allocator...
6352: 12:07:23.156 - Flushing TCP buffer handle allocator...
6352: 12:07:23.156 - Flushing stream socket allocator...
6352: 12:07:23.156 - Flushing inbound datagram socket allocator...
6352: 12:07:23.157 - Flushing outbound datagram socket allocator...
6352: 12:07:23.157 - Destroying CLR dispatcher
6352: 12:07:23.157 - Destroying CLR applications
6352: 12:07:23.160 - ~CCLRApplicationCollection() - Waiting up to 10 seconds for the CLR to release all of our objects
4920: 12:07:23.163 - CManagedHost::OnDefaultAction() - OPR_AppDomainUnload - eUnloadAppDomain
2532: 12:07:23.180 - Unloading Domain: ApplicationName = 'LiteLobby', DomainId='4'
4920: 12:07:23.181 - CManagedHost::OnDomainUnload() - 4
4920: 12:07:23.183 - CManagedHost::OnDefaultAction() - OPR_AppDomainUnload - eUnloadAppDomain
2532: 12:07:23.194 - Unloading Domain: ApplicationName = 'MmoDemo', DomainId='5'
4920: 12:07:23.194 - CManagedHost::OnDomainUnload() - 5
4920: 12:07:23.196 - CManagedHost::OnDefaultAction() - OPR_AppDomainUnload - eUnloadAppDomain
2532: 12:07:23.212 - Unloading Domain: ApplicationName = 'CounterPublisher', DomainId='6'
4920: 12:07:23.212 - CManagedHost::OnDomainUnload() - 6
4920: 12:07:23.215 - CManagedHost::OnDefaultAction() - OPR_AppDomainUnload - eUnloadAppDomain
2532: 12:07:23.231 - Unloading Domain: ApplicationName = 'Lite', DomainId='2'
4920: 12:07:23.231 - CManagedHost::OnDomainUnload() - 2
6352: 12:07:23.233 - ~CCLRApplicationCollection() - Done. All objects released
6352: 12:07:23.233 - ~CManagedHost() - Release default app domain
6352: 12:07:23.233 - CManagedHost::OnDomainUnload() - 1
6352: 12:07:23.233 - ~CManagedHost() - Waiting up to 10 seconds for CLR shutdown...
6352: 12:07:23.233 - ~CManagedHost
6352: 12:07:23.233 - Destroying ENet thread pool
6352: 12:07:23.233 - Destroying Business logic thread pool
6352: 12:07:23.233 - Destroying I/O thread pool
6352: 12:07:23.233 - Destroying ENet buffer allocator
6352: 12:07:23.233 - Destroying TCP buffer allocator
6352: 12:07:23.233 - Destroying TCP socket allocator
6352: 12:07:23.233 - Destroying ENet inbound socket allocator
6352: 12:07:23.233 - Destroying ENet outbound socket allocator
6352: 12:07:23.233 - Shutdown complete...
6352: 12:07:23.233 - Service shutting down
6352: 12:07:23.234 - Service shut down complete
4984: 12:18:07.195 - ---
4984: 12:18:07.195 - Service: "Photon Socket Server" starting
4984: 12:18:07.195 - Config File: E:\TaidouPhotonServer\deploy\bin_Win64\PhotonServer.config
4984: 12:18:07.196 - Will produce at most: 10 crash dumps
4984: 12:18:07.196 - Action: run as exe
4984: 12:18:07.197 - Server Starting...
4984: 12:18:07.197 -    Tick count: 1932031 (wraps in: 49.6879 days)
4984: 12:18:07.197 - Tick count 64: 1932031
4984: 12:18:07.197 - Photon Version: 3.4.5.2597
4984: 12:18:07.197 - PID: 3528
4984: 12:18:07.197 - Config File: E:\TaidouPhotonServer\deploy\bin_Win64\PhotonServer.config
4984: 12:18:07.197 - Will NOT log unimportant exceptions
4984: 12:18:07.199 - Not using performance counters as they are not currently installed. Run the service with /InstallCounters to install them.
4984: 12:18:07.199 - Shutdown timeout enabled: 30000ms
4984: 12:18:07.199 - Starting I/O thread pool with 2 threads
4984: 12:18:07.199 - Using Standard allocator
4984: 12:18:07.199 - Max message size: 512000
4984: 12:18:07.199 - Starting business logic thread pool with the following settings
4984: 12:18:07.199 - InitialThreads: 4 threads
4984: 12:18:07.199 - MinThreads: 4 threads
4984: 12:18:07.199 - Thread pool is fixed size
4984: 12:18:07.199 - Starting ENet thread pool with the following settings
4984: 12:18:07.199 - InitialThreads: 2 threads
4984: 12:18:07.199 - MinThreads: 2 threads
4984: 12:18:07.199 - Thread pool is fixed size
4984: 12:18:07.199 - OnlyDispatchTimers: False
4984: 12:18:07.199 - S2S: flow control: Max pending writes: 50
4984: 12:18:07.199 - S2S: flow control: Max queued buffers: 200
4984: 12:18:07.199 - S2S: flow control: Max pending writes MUX: 500
4984: 12:18:07.199 - S2S: flow control: Max queued buffers MUX: 2000
4984: 12:18:07.199 - S2S: MaxInboundMessageSize: 512000
4984: 12:18:07.199 - S2S: MaxOutboundMessageSize: 512000
4984: 12:18:07.199 - S2S: No inactivity timeout
4984: 12:18:07.201 - WebSocket S2S: MaxInboundMessageSize: 512000
4984: 12:18:07.201 - WebSocket S2S: MaxOutboundMessageSize: 512000
4984: 12:18:07.201 - WebSocket S2S: No inactivity timeout
4984: 12:18:07.201 - Max Reliable Data In Transit (awaiting ACKs) per peer : 51200 bytes
4984: 12:18:07.201 - Per peer bandwidth limit
4984: 12:18:07.201 - Transmit Rate Limit: 256 KB/Sec
4984: 12:18:07.201 - Limit period: 200ms
4984: 12:18:07.201 - Limit per period: 52428 bytes
4984: 12:18:07.201 - Max queued data for transmission per peer: 512000 bytes
4984: 12:18:07.201 - Minimum retransmit timeout: 200
4984: 12:18:07.201 - Minimum ENet timeout: 5000ms
4984: 12:18:07.201 - Maximum ENet timeout: 30000ms
4984: 12:18:07.201 - Max Inbound Reliable Data Queued (awaiting resends of earlier sequence numbers) per peer : 163840 bytes
4984: 12:18:07.201 - Outbound ENet: MaxInboundMessageSize: 512000
4984: 12:18:07.201 - Outbound ENet: MaxOutboundMessageSize: 512000
4984: 12:18:07.202 - GetRuntime - About to load CLR - versions available:
4984: 12:18:07.202 - v2.0.50727
4984: 12:18:07.202 - v4.0.30319
4984: 12:18:07.202 - Configuration requests: "v2.0.50727"
4984: 12:18:07.202 - About to load version: "v2.0.50727"
4984: 12:18:07.204 - About to load runtime: PhotonHostRuntime.PhotonDomainManager from PhotonHostRuntime, Culture=neutral, PublicKeyToken=02C301B61B060C4D
4984: 12:18:07.204 - CLRBaseDirectory set to "E:\TaidouPhotonServer\deploy"
4984: 12:18:07.204 - Optimising event broadcast for 20 or more peers
4984: 12:18:07.205 - Start: About to load CLR - versions available:
4984: 12:18:07.205 - v2.0.50727
4984: 12:18:07.205 - v4.0.30319
4984: 12:18:07.205 - No preference in configuration file, will load latest.
4984: 12:18:07.205 - About to load version: "v4.0.30319"
4984: 12:18:07.205 - Loaded version: "v4.0.30319"
4984: 12:18:07.443 - Photon host runtime loaded
4984: 12:18:13.826 - License is valid.
4984: 12:18:13.826 - Licensed for 100 concurrent connections.
4984: 12:18:13.826 - ENet: Max Reliable Data In Transit (awaiting ACKs) per peer : 51200 bytes
4984: 12:18:13.826 - ENet: Per peer bandwidth limit
4984: 12:18:13.826 - ENet: Transmit Rate Limit: 256 KB/Sec
4984: 12:18:13.826 - ENet: Limit period: 200ms
4984: 12:18:13.826 - ENet: Limit per period: 52428 bytes
4984: 12:18:13.826 - ENet: Max queued data for transmission per peer: 512000 bytes
4984: 12:18:13.826 - ENet: Minimum retransmit timeout: 200
4984: 12:18:13.826 - ENet: Minimum timeout: 5000ms
4984: 12:18:13.826 - ENet: Maximum timeout: 30000ms
4984: 12:18:13.826 - ENet: Max Inbound Reliable Data Queued (awaiting resends of earlier sequence numbers) per peer : 163840 bytes
4984: 12:18:13.827 - About to load application: Lite from Lite
4984: 12:18:13.827 - Auto restart is enabled for application, existing connections will be terminated during restart
4984: 12:18:13.827 - Application will restart 1000ms after the last change detected
4984: 12:18:13.827 - Application will restart if files matching the following are changed: "dll;config"
4984: 12:18:13.827 - Application will NOT restart if files matching the following are changed: "log4net.config"
4984: 12:18:13.947 - Taking reference on default app domain
4984: 12:18:14.024 - Application: "Lite" started in app domain: 2
4984: 12:18:14.024 - About to load application: ChatServer from ChatServer
4984: 12:18:14.024 - Auto restart is enabled for application, existing connections will be terminated during restart
4984: 12:18:14.024 - Application will restart 1000ms after the last change detected
4984: 12:18:14.024 - Application will restart if files matching the following are changed: "dll;config"
4984: 12:18:14.024 - Application will NOT restart if files matching the following are changed: "log4net.config"
4984: 12:18:14.130 - Taking reference on default app domain
4984: 12:18:14.203 - Application: "ChatServer" started in app domain: 3
4984: 12:18:14.203 - About to load application: LiteLobby from LiteLobby
4984: 12:18:14.203 - Auto restart is enabled for application, existing connections will be terminated during restart
4984: 12:18:14.203 - Application will restart 1000ms after the last change detected
4984: 12:18:14.203 - Application will restart if files matching the following are changed: "dll;config"
4984: 12:18:14.203 - Application will NOT restart if files matching the following are changed: "log4net.config"
4984: 12:18:14.312 - Taking reference on default app domain
4984: 12:18:14.402 - Application: "LiteLobby" started in app domain: 4
4984: 12:18:14.402 - About to load application: MmoDemo from Photon.MmoDemo.Server
4984: 12:18:14.402 - Auto restart is enabled for application, existing connections will be terminated during restart
4984: 12:18:14.402 - Application will restart 1000ms after the last change detected
4984: 12:18:14.402 - Application will restart if files matching the following are changed: "dll;config"
4984: 12:18:14.402 - Application will NOT restart if files matching the following are changed: "log4net.config"
4984: 12:18:14.509 - Taking reference on default app domain
4984: 12:18:14.584 - Application: "MmoDemo" started in app domain: 5
4984: 12:18:14.584 - About to load application: CounterPublisher from CounterPublisher
4984: 12:18:14.584 - Auto restart is enabled for application, existing connections will be terminated during restart
4984: 12:18:14.584 - Application will restart 1000ms after the last change detected
4984: 12:18:14.584 - Application will restart if files matching the following are changed: "dll;config"
4984: 12:18:14.584 - Application will NOT restart if files matching the following are changed: "log4net.config"
4984: 12:18:14.696 - Taking reference on default app domain
4984: 12:18:14.774 - Application: "CounterPublisher" started in app domain: 6
4984: 12:18:14.774 - Adding TCP listener on :0.0.0.0: 4530 with a listen backlog of: 150
4984: 12:18:14.774 - TCP inactivity timeout: 10000ms
4984: 12:18:14.774 - TCP disconnect timeout: 120000ms
4984: 12:18:14.774 - MaxInboundMessageSize: 512000
4984: 12:18:14.774 - MaxOutboundMessageSize: 512000
4984: 12:18:14.775 - Serving policy file requests from: "E:\TaidouPhotonServer\deploy\Policy\assets\socket-policy.xml"
4984: 12:18:14.775 - MaxInboundMessageSize: 512000
4984: 12:18:14.775 - MaxOutboundMessageSize: 512000
4984: 12:18:14.775 - UDP address specified as:0.0.0.0 adding listener to each available IPv4 address
4984: 12:18:14.775 - Adding UDP listener on :192.168.199.232: 5055 with a listen backlog of: 500
4984: 12:18:14.775 - Adding UDP listener on :127.0.0.1: 5055 with a listen backlog of: 500
4984: 12:18:14.775 - Adding WebSocket TCP listener on :0.0.0.0: 9090 with a listen backlog of: 150
4984: 12:18:14.775 - Nagle disabled
4984: 12:18:14.775 - TCP inactivity timeout: 10000ms
4984: 12:18:14.775 - MaxInboundMessageSize: 512000
4984: 12:18:14.775 - MaxOutboundMessageSize: 512000
4984: 12:18:14.775 - Forcing all applications ids to: "Lite"
4984: 12:18:14.775 - Will accept ANY sub-protocols from the client
4984: 12:18:14.775 - No automatic WebSocket ping
4984: 12:18:14.775 - Adding Policy File listener on :0.0.0.0: 843 with a listen backlog of: 150 and serving Policy File: "E:\TaidouPhotonServer\deploy\Policy\assets\socket-policy.xml"
4984: 12:18:14.775 - TCP inactivity timeout: 10000ms
4984: 12:18:14.776 - Adding Policy File listener on :0.0.0.0: 943 with a listen backlog of: 150 and serving Policy File: "E:\TaidouPhotonServer\deploy\Policy\assets\socket-policy-silverlight.xml"
4984: 12:18:14.776 - TCP inactivity timeout: 10000ms
4984: 12:18:14.791 - Service is running...
1956: 14:58:56.350 - Restarting application: "ChatServer" due to file changes
1956: 14:58:56.350 - Application: "ChatServer" restart request (abort existing connections)
1956: 14:58:56.508 - Taking reference on default app domain
1956: 14:58:56.614 - Application: "ChatServer" started in app domain: 7
1956: 14:58:56.628 - RequestApplicationStop: 3
1956: 14:58:56.637 - Application: "ChatServer" stopped in app domain: 3 (abort existing connections)
7940: 14:58:56.637 - CManagedHost::OnDefaultAction() - OPR_AppDomainUnload - eUnloadAppDomain
1956: 14:58:56.637 - Application: "ChatServer" restart complete.
3796: 14:58:56.649 - Unloading Domain: ApplicationName = 'ChatServer', DomainId='3'
7940: 14:58:56.650 - CManagedHost::OnDomainUnload() - 3
